[09:04:35.147] ================================================================================
[09:04:35.147] VetRender Coordinate Debug Log
[09:04:35.147] Started: 2026-01-12 09:04:35.147750
[09:04:35.147] ================================================================================
[09:04:35.147] VetRender application started
[09:04:35.276] 
[09:04:35.276] ================================================================================
[09:04:35.276] MAP LOADED
[09:04:35.276] ================================================================================
[09:04:35.276] Requested center: Lat=43.466500, Lon=-112.034000
[09:04:35.276] Zoom level: 13
[09:04:35.276] Map tile (integer): X=1546, Y=2995
[09:04:35.276] Map tile center represents: Lat=43.484812, Lon=-112.060547
[09:04:35.276] Offset from requested: (-0.018312°, 0.026547°)
[09:04:35.276] Distance offset: -2.03 km N/S, 2.95 km E/W
[09:04:35.276] ================================================================================
[09:04:35.285] 
[09:04:35.285] --------------------------------------------------------------------------------
[09:04:35.285] TRANSMITTER MARKER POSITION
[09:04:35.285] --------------------------------------------------------------------------------
[09:04:35.285] TX coordinates: Lat=43.466500, Lon=-112.034000
[09:04:35.285] Marker drawn at pixel: (384.00, 384.00)
[09:04:35.285] Image center: (384, 384)
[09:04:35.285] Offset from center: (0.00, 0.00) pixels
[09:04:35.285] Image size: 768x768
[09:04:35.285] --------------------------------------------------------------------------------
[09:04:48.147] 
[09:04:48.147] ================================================================================
[09:04:48.147] MAP LOADED
[09:04:48.147] ================================================================================
[09:04:48.147] Requested center: Lat=43.713501, Lon=-113.100029
[09:04:48.147] Zoom level: 10
[09:04:48.147] Map tile (integer): X=190, Y=373
[09:04:48.153] Map tile center represents: Lat=43.834527, Lon=-113.203125
[09:04:48.153] Offset from requested: (-0.121026°, 0.103096°)
[09:04:48.153] Distance offset: -13.43 km N/S, 11.44 km E/W
[09:04:48.153] ================================================================================
[09:04:48.153] 
[09:04:48.153] --------------------------------------------------------------------------------
[09:04:48.163] TRANSMITTER MARKER POSITION
[09:04:48.163] --------------------------------------------------------------------------------
[09:04:48.163] TX coordinates: Lat=43.713501, Lon=-113.100029
[09:04:48.163] Marker drawn at pixel: (384.00, 384.00)
[09:04:48.163] Image center: (384, 384)
[09:04:48.163] Offset from center: (0.00, 0.00) pixels
[09:04:48.163] Image size: 768x768
[09:04:48.163] --------------------------------------------------------------------------------
[09:05:13.413] 
[09:05:13.413] ********************************************************************************
[09:05:13.414] SET TRANSMITTER LOCATION
[09:05:13.414] ********************************************************************************
[09:05:13.414] Old location: Lat=43.713501, Lon=-113.100029
[09:05:13.414] New location: Lat=43.713501, Lon=-113.100029
[09:05:13.414] Change: (0.000000°, 0.000000°)
[09:05:13.415] ********************************************************************************
[09:05:13.432] 
[09:05:13.432] ================================================================================
[09:05:13.432] MAP LOADED
[09:05:13.432] ================================================================================
[09:05:13.433] Requested center: Lat=43.713501, Lon=-113.100029
[09:05:13.433] Zoom level: 10
[09:05:13.433] Map tile (integer): X=190, Y=373
[09:05:13.433] Map tile center represents: Lat=43.834527, Lon=-113.203125
[09:05:13.433] Offset from requested: (-0.121026°, 0.103096°)
[09:05:13.435] Distance offset: -13.43 km N/S, 11.44 km E/W
[09:05:13.435] ================================================================================
[09:05:13.440] 
[09:05:13.440] --------------------------------------------------------------------------------
[09:05:13.440] TRANSMITTER MARKER POSITION
[09:05:13.440] --------------------------------------------------------------------------------
[09:05:13.440] TX coordinates: Lat=43.713501, Lon=-113.100029
[09:05:13.440] Marker drawn at pixel: (384.00, 384.00)
[09:05:13.440] Image center: (384, 384)
[09:05:13.440] Offset from center: (0.00, 0.00) pixels
[09:05:13.440] Image size: 768x768
[09:05:13.440] --------------------------------------------------------------------------------
[09:05:17.569] 
[09:05:17.569] ================================================================================
[09:05:17.569] MAP LOADED
[09:05:17.569] ================================================================================
[09:05:17.569] Requested center: Lat=43.713501, Lon=-113.100029
[09:05:17.569] Zoom level: 15
[09:05:17.569] Map tile (integer): X=6089, Y=11951
[09:05:17.569] Map tile center represents: Lat=43.715535, Lon=-113.104248
[09:05:17.569] Offset from requested: (-0.002034°, 0.004219°)
[09:05:17.569] Distance offset: -0.23 km N/S, 0.47 km E/W
[09:05:17.569] ================================================================================
[09:05:17.589] 
[09:05:17.589] --------------------------------------------------------------------------------
[09:05:17.589] TRANSMITTER MARKER POSITION
[09:05:17.589] --------------------------------------------------------------------------------
[09:05:17.589] TX coordinates: Lat=43.713501, Lon=-113.100029
[09:05:17.589] Marker drawn at pixel: (384.00, 384.00)
[09:05:17.589] Image center: (384, 384)
[09:05:17.589] Offset from center: (0.00, 0.00) pixels
[09:05:17.589] Image size: 768x768
[09:05:17.589] --------------------------------------------------------------------------------
[09:05:20.620] 
[09:05:20.620] ================================================================================
[09:05:20.620] MAP LOADED
[09:05:20.620] ================================================================================
[09:05:20.620] Requested center: Lat=43.713501, Lon=-113.100029
[09:05:20.620] Zoom level: 16
[09:05:20.620] Map tile (integer): X=12178, Y=23902
[09:05:20.620] Map tile center represents: Lat=43.715535, Lon=-113.104248
[09:05:20.620] Offset from requested: (-0.002034°, 0.004219°)
[09:05:20.620] Distance offset: -0.23 km N/S, 0.47 km E/W
[09:05:20.620] ================================================================================
[09:05:20.620] 
[09:05:20.620] --------------------------------------------------------------------------------
[09:05:20.620] TRANSMITTER MARKER POSITION
[09:05:20.620] --------------------------------------------------------------------------------
[09:05:20.620] TX coordinates: Lat=43.713501, Lon=-113.100029
[09:05:20.620] Marker drawn at pixel: (384.00, 384.00)
[09:05:20.620] Image center: (384, 384)
[09:05:20.620] Offset from center: (0.00, 0.00) pixels
[09:05:20.620] Image size: 768x768
[09:05:20.620] --------------------------------------------------------------------------------
[09:05:24.750] 
[09:05:24.750] ================================================================================
[09:05:24.750] MAP LOADED
[09:05:24.750] ================================================================================
[09:05:24.750] Requested center: Lat=43.713144, Lon=-113.098514
[09:05:24.750] Zoom level: 16
[09:05:24.750] Map tile (integer): X=12179, Y=23902
[09:05:24.750] Map tile center represents: Lat=43.715535, Lon=-113.098755
[09:05:24.750] Offset from requested: (-0.002391°, 0.000241°)
[09:05:24.750] Distance offset: -0.27 km N/S, 0.03 km E/W
[09:05:24.750] ================================================================================
[09:05:24.750] 
[09:05:24.750] --------------------------------------------------------------------------------
[09:05:24.750] TRANSMITTER MARKER POSITION
[09:05:24.750] --------------------------------------------------------------------------------
[09:05:24.750] TX coordinates: Lat=43.713144, Lon=-113.098514
[09:05:24.750] Marker drawn at pixel: (384.00, 384.00)
[09:05:24.750] Image center: (384, 384)
[09:05:24.750] Offset from center: (0.00, 0.00) pixels
[09:05:24.750] Image size: 768x768
[09:05:24.750] --------------------------------------------------------------------------------
[09:05:26.914] 
[09:05:26.914] ================================================================================
[09:05:26.914] MAP LOADED
[09:05:26.914] ================================================================================
[09:05:26.914] Requested center: Lat=43.712718, Lon=-113.102524
[09:05:26.914] Zoom level: 16
[09:05:26.914] Map tile (integer): X=12178, Y=23902
[09:05:26.914] Map tile center represents: Lat=43.715535, Lon=-113.104248
[09:05:26.914] Offset from requested: (-0.002817°, 0.001724°)
[09:05:26.914] Distance offset: -0.31 km N/S, 0.19 km E/W
[09:05:26.914] ================================================================================
[09:05:26.914] 
[09:05:26.914] --------------------------------------------------------------------------------
[09:05:26.914] TRANSMITTER MARKER POSITION
[09:05:26.914] --------------------------------------------------------------------------------
[09:05:26.914] TX coordinates: Lat=43.712718, Lon=-113.102524
[09:05:26.924] Marker drawn at pixel: (384.00, 384.00)
[09:05:26.924] Image center: (384, 384)
[09:05:26.924] Offset from center: (0.00, 0.00) pixels
[09:05:26.924] Image size: 768x768
[09:05:26.924] --------------------------------------------------------------------------------
[09:05:29.752] 
[09:05:29.752] ================================================================================
[09:05:29.752] MAP LOADED
[09:05:29.752] ================================================================================
[09:05:29.752] Requested center: Lat=43.712443, Lon=-113.102152
[09:05:29.752] Zoom level: 16
[09:05:29.752] Map tile (integer): X=12178, Y=23902
[09:05:29.752] Map tile center represents: Lat=43.715535, Lon=-113.104248
[09:05:29.752] Offset from requested: (-0.003091°, 0.002096°)
[09:05:29.752] Distance offset: -0.34 km N/S, 0.23 km E/W
[09:05:29.752] ================================================================================
[09:05:29.761] 
[09:05:29.761] --------------------------------------------------------------------------------
[09:05:29.761] TRANSMITTER MARKER POSITION
[09:05:29.761] --------------------------------------------------------------------------------
[09:05:29.761] TX coordinates: Lat=43.712443, Lon=-113.102152
[09:05:29.761] Marker drawn at pixel: (384.00, 384.00)
[09:05:29.761] Image center: (384, 384)
[09:05:29.761] Offset from center: (0.00, 0.00) pixels
[09:05:29.761] Image size: 768x768
[09:05:29.761] --------------------------------------------------------------------------------
[09:05:31.885] 
[09:05:31.885] ================================================================================
[09:05:31.885] MAP LOADED
[09:05:31.885] ================================================================================
[09:05:31.885] Requested center: Lat=43.711990, Lon=-113.101151
[09:05:31.885] Zoom level: 16
[09:05:31.885] Map tile (integer): X=12178, Y=23902
[09:05:31.885] Map tile center represents: Lat=43.715535, Lon=-113.104248
[09:05:31.885] Offset from requested: (-0.003545°, 0.003097°)
[09:05:31.885] Distance offset: -0.39 km N/S, 0.34 km E/W
[09:05:31.885] ================================================================================
[09:05:31.885] 
[09:05:31.885] --------------------------------------------------------------------------------
[09:05:31.885] TRANSMITTER MARKER POSITION
[09:05:31.885] --------------------------------------------------------------------------------
[09:05:31.885] TX coordinates: Lat=43.711990, Lon=-113.101151
[09:05:31.885] Marker drawn at pixel: (384.00, 384.00)
[09:05:31.885] Image center: (384, 384)
[09:05:31.885] Offset from center: (0.00, 0.00) pixels
[09:05:31.885] Image size: 768x768
[09:05:31.885] --------------------------------------------------------------------------------
[09:05:35.019] 
[09:05:35.019] ================================================================================
[09:05:35.019] MAP LOADED
[09:05:35.019] ================================================================================
[09:05:35.019] Requested center: Lat=43.711509, Lon=-113.099769
[09:05:35.027] Zoom level: 16
[09:05:35.027] Map tile (integer): X=12178, Y=23903
[09:05:35.027] Map tile center represents: Lat=43.711564, Lon=-113.104248
[09:05:35.027] Offset from requested: (-0.000056°, 0.004479°)
[09:05:35.027] Distance offset: -0.01 km N/S, 0.50 km E/W
[09:05:35.027] ================================================================================
[09:05:35.033] 
[09:05:35.033] --------------------------------------------------------------------------------
[09:05:35.033] TRANSMITTER MARKER POSITION
[09:05:35.033] --------------------------------------------------------------------------------
[09:05:35.033] TX coordinates: Lat=43.711509, Lon=-113.099769
[09:05:35.033] Marker drawn at pixel: (384.00, 384.00)
[09:05:35.033] Image center: (384, 384)
[09:05:35.033] Offset from center: (0.00, 0.00) pixels
[09:05:35.033] Image size: 768x768
[09:05:35.033] --------------------------------------------------------------------------------
[09:05:38.390] 
[09:05:38.390] ================================================================================
[09:05:38.390] MAP LOADED
[09:05:38.390] ================================================================================
[09:05:38.390] Requested center: Lat=43.715241, Lon=-113.098178
[09:05:38.390] Zoom level: 16
[09:05:38.390] Map tile (integer): X=12179, Y=23902
[09:05:38.406] Map tile center represents: Lat=43.715535, Lon=-113.098755
[09:05:38.406] Offset from requested: (-0.000293°, 0.000577°)
[09:05:38.406] Distance offset: -0.03 km N/S, 0.06 km E/W
[09:05:38.406] ================================================================================
[09:05:38.406] 
[09:05:38.406] --------------------------------------------------------------------------------
[09:05:38.406] TRANSMITTER MARKER POSITION
[09:05:38.406] --------------------------------------------------------------------------------
[09:05:38.406] TX coordinates: Lat=43.715241, Lon=-113.098178
[09:05:38.406] Marker drawn at pixel: (384.00, 384.00)
[09:05:38.406] Image center: (384, 384)
[09:05:38.406] Offset from center: (0.00, 0.00) pixels
[09:05:38.406] Image size: 768x768
[09:05:38.406] --------------------------------------------------------------------------------
[09:05:40.424] 
[09:05:40.424] ================================================================================
[09:05:40.424] MAP LOADED
[09:05:40.424] ================================================================================
[09:05:40.424] Requested center: Lat=43.714829, Lon=-113.102283
[09:05:40.424] Zoom level: 16
[09:05:40.424] Map tile (integer): X=12178, Y=23902
[09:05:40.424] Map tile center represents: Lat=43.715535, Lon=-113.104248
[09:05:40.424] Offset from requested: (-0.000706°, 0.001965°)
[09:05:40.424] Distance offset: -0.08 km N/S, 0.22 km E/W
[09:05:40.424] ================================================================================
[09:05:40.436] 
[09:05:40.436] --------------------------------------------------------------------------------
[09:05:40.436] TRANSMITTER MARKER POSITION
[09:05:40.436] --------------------------------------------------------------------------------
[09:05:40.436] TX coordinates: Lat=43.714829, Lon=-113.102283
[09:05:40.436] Marker drawn at pixel: (384.00, 384.00)
[09:05:40.436] Image center: (384, 384)
[09:05:40.436] Offset from center: (0.00, 0.00) pixels
[09:05:40.436] Image size: 768x768
[09:05:40.436] --------------------------------------------------------------------------------
[09:05:54.455] 
[09:05:54.456] ================================================================================
[09:05:54.456] MAP LOADED
[09:05:54.456] ================================================================================
[09:05:54.456] Requested center: Lat=43.714829, Lon=-113.102283
[09:05:54.457] Zoom level: 10
[09:05:54.457] Map tile (integer): X=190, Y=373
[09:05:54.457] Map tile center represents: Lat=43.834527, Lon=-113.203125
[09:05:54.457] Offset from requested: (-0.119698°, 0.100842°)
[09:05:54.457] Distance offset: -13.29 km N/S, 11.19 km E/W
[09:05:54.458] ================================================================================
[09:05:54.465] 
[09:05:54.465] --------------------------------------------------------------------------------
[09:05:54.465] TRANSMITTER MARKER POSITION
[09:05:54.465] --------------------------------------------------------------------------------
[09:05:54.466] TX coordinates: Lat=43.714829, Lon=-113.102283
[09:05:54.466] Marker drawn at pixel: (384.00, 384.00)
[09:05:54.466] Image center: (384, 384)
[09:05:54.466] Offset from center: (0.00, 0.00) pixels
[09:05:54.467] Image size: 768x768
[09:05:54.467] --------------------------------------------------------------------------------
