[09:17:32.666] ================================================================================
[09:17:32.666] VetRender Coordinate Debug Log
[09:17:32.666] Started: 2026-01-12 09:17:32.666262
[09:17:32.666] ================================================================================
[09:17:32.666] VetRender application started
[09:17:32.797] 
[09:17:32.797] ================================================================================
[09:17:32.797] MAP LOADED
[09:17:32.797] ================================================================================
[09:17:32.797] Requested center: Lat=43.714829, Lon=-113.102283
[09:17:32.797] Zoom level: 10
[09:17:32.797] Map tile (integer): X=190, Y=373
[09:17:32.797] Map tile center represents: Lat=43.707594, Lon=-113.027344
[09:17:32.797] Offset from requested: (0.007236°, -0.074939°)
[09:17:32.797] Distance offset: 0.80 km N/S, -8.32 km E/W
[09:17:32.797] ================================================================================
[09:17:32.813] 
[09:17:32.813] --------------------------------------------------------------------------------
[09:17:32.813] TRANSMITTER MARKER POSITION
[09:17:32.813] --------------------------------------------------------------------------------
[09:17:32.813] TX coordinates: Lat=43.714829, Lon=-113.102283
[09:17:32.813] Marker drawn at pixel: (329.43, 376.71)
[09:17:32.813] Image center: (384, 384)
[09:17:32.813] Offset from center: (-54.57, -7.29) pixels
[09:17:32.813] Image size: 768x768
[09:17:32.813] --------------------------------------------------------------------------------
[09:17:36.170] 
[09:17:36.170] ================================================================================
[09:17:36.170] MAP LOADED
[09:17:36.170] ================================================================================
[09:17:36.170] Requested center: Lat=43.714829, Lon=-113.102283
[09:17:36.170] Zoom level: 11
[09:17:36.170] Map tile (integer): X=380, Y=746
[09:17:36.170] Map tile center represents: Lat=43.771094, Lon=-113.115234
[09:17:36.170] Offset from requested: (-0.056265°, 0.012951°)
[09:17:36.170] Distance offset: -6.25 km N/S, 1.44 km E/W
[09:17:36.170] ================================================================================
[09:17:36.183] 
[09:17:36.183] --------------------------------------------------------------------------------
[09:17:36.183] TRANSMITTER MARKER POSITION
[09:17:36.183] --------------------------------------------------------------------------------
[09:17:36.183] TX coordinates: Lat=43.714829, Lon=-113.102283
[09:17:36.183] Marker drawn at pixel: (402.86, 497.42)
[09:17:36.183] Image center: (384, 384)
[09:17:36.183] Offset from center: (18.86, 113.42) pixels
[09:17:36.183] Image size: 768x768
[09:17:36.183] --------------------------------------------------------------------------------
[09:17:39.405] 
[09:17:39.405] ================================================================================
[09:17:39.405] MAP LOADED
[09:17:39.405] ================================================================================
[09:17:39.405] Requested center: Lat=43.714829, Lon=-113.102283
[09:17:39.405] Zoom level: 12
[09:17:39.405] Map tile (integer): X=761, Y=1493
[09:17:39.405] Map tile center represents: Lat=43.739352, Lon=-113.071289
[09:17:39.405] Offset from requested: (-0.024523°, -0.030994°)
[09:17:39.405] Distance offset: -2.72 km N/S, -3.44 km E/W
[09:17:39.405] ================================================================================
[09:17:39.421] 
[09:17:39.421] --------------------------------------------------------------------------------
[09:17:39.421] TRANSMITTER MARKER POSITION
[09:17:39.421] --------------------------------------------------------------------------------
[09:17:39.421] TX coordinates: Lat=43.714829, Lon=-113.102283
[09:17:39.421] Marker drawn at pixel: (293.72, 482.84)
[09:17:39.421] Image center: (384, 384)
[09:17:39.421] Offset from center: (-90.28, 98.84) pixels
[09:17:39.421] Image size: 768x768
[09:17:39.421] --------------------------------------------------------------------------------
[09:17:39.477] 
[09:17:39.477] ================================================================================
[09:17:39.477] MAP LOADED
[09:17:39.477] ================================================================================
[09:17:39.477] Requested center: Lat=43.714829, Lon=-113.102283
[09:17:39.477] Zoom level: 13
[09:17:39.477] Map tile (integer): X=1522, Y=2987
[09:17:39.477] Map tile center represents: Lat=43.723475, Lon=-113.093262
[09:17:39.477] Offset from requested: (-0.008646°, -0.009021°)
[09:17:39.477] Distance offset: -0.96 km N/S, -1.00 km E/W
[09:17:39.477] ================================================================================
[09:17:39.484] 
[09:17:39.484] --------------------------------------------------------------------------------
[09:17:39.484] TRANSMITTER MARKER POSITION
[09:17:39.484] --------------------------------------------------------------------------------
[09:17:39.484] TX coordinates: Lat=43.714829, Lon=-113.102283
[09:17:39.484] Marker drawn at pixel: (331.45, 453.69)
[09:17:39.484] Image center: (384, 384)
[09:17:39.484] Offset from center: (-52.55, 69.69) pixels
[09:17:39.484] Image size: 768x768
[09:17:39.484] --------------------------------------------------------------------------------
[09:17:41.036] 
[09:17:41.036] ================================================================================
[09:17:41.036] MAP LOADED
[09:17:41.036] ================================================================================
[09:17:41.036] Requested center: Lat=43.714829, Lon=-113.102283
[09:17:41.036] Zoom level: 14
[09:17:41.036] Map tile (integer): X=3044, Y=5975
[09:17:41.052] Map tile center represents: Lat=43.715535, Lon=-113.104248
[09:17:41.052] Offset from requested: (-0.000706°, 0.001965°)
[09:17:41.052] Distance offset: -0.08 km N/S, 0.22 km E/W
[09:17:41.052] ================================================================================
[09:17:41.052] 
[09:17:41.052] --------------------------------------------------------------------------------
[09:17:41.052] TRANSMITTER MARKER POSITION
[09:17:41.052] --------------------------------------------------------------------------------
[09:17:41.052] TX coordinates: Lat=43.714829, Lon=-113.102283
[09:17:41.052] Marker drawn at pixel: (406.89, 395.38)
[09:17:41.052] Image center: (384, 384)
[09:17:41.052] Offset from center: (22.89, 11.38) pixels
[09:17:41.052] Image size: 768x768
[09:17:41.052] --------------------------------------------------------------------------------
[09:17:41.766] 
[09:17:41.766] ================================================================================
[09:17:41.766] MAP LOADED
[09:17:41.766] ================================================================================
[09:17:41.766] Requested center: Lat=43.714829, Lon=-113.102283
[09:17:41.766] Zoom level: 15
[09:17:41.766] Map tile (integer): X=6089, Y=11951
[09:17:41.766] Map tile center represents: Lat=43.711564, Lon=-113.098755
[09:17:41.766] Offset from requested: (0.003265°, -0.003528°)
[09:17:41.766] Distance offset: 0.36 km N/S, -0.39 km E/W
[09:17:41.766] ================================================================================
[09:17:41.776] 
[09:17:41.776] --------------------------------------------------------------------------------
[09:17:41.776] TRANSMITTER MARKER POSITION
[09:17:41.776] --------------------------------------------------------------------------------
[09:17:41.776] TX coordinates: Lat=43.714829, Lon=-113.102283
[09:17:41.776] Marker drawn at pixel: (301.79, 278.75)
[09:17:41.776] Image center: (384, 384)
[09:17:41.776] Offset from center: (-82.21, -105.25) pixels
[09:17:41.776] Image size: 768x768
[09:17:41.776] --------------------------------------------------------------------------------
[09:17:42.398] 
[09:17:42.398] ================================================================================
[09:17:42.398] MAP LOADED
[09:17:42.398] ================================================================================
[09:17:42.398] Requested center: Lat=43.714829, Lon=-113.102283
[09:17:42.398] Zoom level: 16
[09:17:42.398] Map tile (integer): X=12178, Y=23902
[09:17:42.398] Map tile center represents: Lat=43.713550, Lon=-113.101501
[09:17:42.398] Offset from requested: (0.001280°, -0.000782°)
[09:17:42.398] Distance offset: 0.14 km N/S, -0.09 km E/W
[09:17:42.398] ================================================================================
[09:17:42.407] 
[09:17:42.407] --------------------------------------------------------------------------------
[09:17:42.407] TRANSMITTER MARKER POSITION
[09:17:42.407] --------------------------------------------------------------------------------
[09:17:42.407] TX coordinates: Lat=43.714829, Lon=-113.102283
[09:17:42.407] Marker drawn at pixel: (347.58, 301.50)
[09:17:42.407] Image center: (384, 384)
[09:17:42.410] Offset from center: (-36.42, -82.50) pixels
[09:17:42.410] Image size: 768x768
[09:17:42.410] --------------------------------------------------------------------------------
[09:17:45.206] 
[09:17:45.206] ================================================================================
[09:17:45.206] MAP LOADED
[09:17:45.206] ================================================================================
[09:17:45.206] Requested center: Lat=43.713137, Lon=-113.100101
[09:17:45.206] Zoom level: 16
[09:17:45.206] Map tile (integer): X=12178, Y=23902
[09:17:45.206] Map tile center represents: Lat=43.713550, Lon=-113.101501
[09:17:45.206] Offset from requested: (-0.000412°, 0.001401°)
[09:17:45.206] Distance offset: -0.05 km N/S, 0.16 km E/W
[09:17:45.206] ================================================================================
[09:17:45.225] 
[09:17:45.225] --------------------------------------------------------------------------------
[09:17:45.225] TRANSMITTER MARKER POSITION
[09:17:45.225] --------------------------------------------------------------------------------
[09:17:45.225] TX coordinates: Lat=43.713137, Lon=-113.100101
[09:17:45.225] Marker drawn at pixel: (449.28, 410.58)
[09:17:45.225] Image center: (384, 384)
[09:17:45.225] Offset from center: (65.28, 26.58) pixels
[09:17:45.225] Image size: 768x768
[09:17:45.225] --------------------------------------------------------------------------------
[09:17:46.624] 
[09:17:46.624] ================================================================================
[09:17:46.624] MAP LOADED
[09:17:46.624] ================================================================================
[09:17:46.624] Requested center: Lat=43.713137, Lon=-113.100101
[09:17:46.624] Zoom level: 15
[09:17:46.624] Map tile (integer): X=6089, Y=11951
[09:17:46.624] Map tile center represents: Lat=43.711564, Lon=-113.098755
[09:17:46.624] Offset from requested: (0.001573°, -0.001346°)
[09:17:46.624] Distance offset: 0.17 km N/S, -0.15 km E/W
[09:17:46.624] ================================================================================
[09:17:46.624] 
[09:17:46.640] --------------------------------------------------------------------------------
[09:17:46.640] TRANSMITTER MARKER POSITION
[09:17:46.640] --------------------------------------------------------------------------------
[09:17:46.640] TX coordinates: Lat=43.713137, Lon=-113.100101
[09:17:46.640] Marker drawn at pixel: (352.64, 333.29)
[09:17:46.640] Image center: (384, 384)
[09:17:46.640] Offset from center: (-31.36, -50.71) pixels
[09:17:46.640] Image size: 768x768
[09:17:46.640] --------------------------------------------------------------------------------
[09:17:47.103] 
[09:17:47.103] ================================================================================
[09:17:47.103] MAP LOADED
[09:17:47.103] ================================================================================
[09:17:47.103] Requested center: Lat=43.713137, Lon=-113.100101
[09:17:47.103] Zoom level: 14
[09:17:47.103] Map tile (integer): X=3044, Y=5975
[09:17:47.103] Map tile center represents: Lat=43.715535, Lon=-113.104248
[09:17:47.103] Offset from requested: (-0.002397°, 0.004147°)
[09:17:47.103] Distance offset: -0.27 km N/S, 0.46 km E/W
[09:17:47.103] ================================================================================
[09:17:47.112] 
[09:17:47.112] --------------------------------------------------------------------------------
[09:17:47.113] TRANSMITTER MARKER POSITION
[09:17:47.113] --------------------------------------------------------------------------------
[09:17:47.113] TX coordinates: Lat=43.713137, Lon=-113.100101
[09:17:47.113] Marker drawn at pixel: (432.32, 422.64)
[09:17:47.113] Image center: (384, 384)
[09:17:47.114] Offset from center: (48.32, 38.64) pixels
[09:17:47.114] Image size: 768x768
[09:17:47.114] --------------------------------------------------------------------------------
[09:17:47.175] 
[09:17:47.175] ================================================================================
[09:17:47.175] MAP LOADED
[09:17:47.175] ================================================================================
[09:17:47.175] Requested center: Lat=43.713137, Lon=-113.100101
[09:17:47.175] Zoom level: 13
[09:17:47.175] Map tile (integer): X=1522, Y=2987
[09:17:47.175] Map tile center represents: Lat=43.723475, Lon=-113.093262
[09:17:47.175] Offset from requested: (-0.010338°, -0.006839°)
[09:17:47.175] Distance offset: -1.15 km N/S, -0.76 km E/W
[09:17:47.175] ================================================================================
[09:17:47.182] 
[09:17:47.182] --------------------------------------------------------------------------------
[09:17:47.182] TRANSMITTER MARKER POSITION
[09:17:47.182] --------------------------------------------------------------------------------
[09:17:47.182] TX coordinates: Lat=43.713137, Lon=-113.100101
[09:17:47.182] Marker drawn at pixel: (344.16, 467.32)
[09:17:47.182] Image center: (384, 384)
[09:17:47.182] Offset from center: (-39.84, 83.32) pixels
[09:17:47.182] Image size: 768x768
[09:17:47.182] --------------------------------------------------------------------------------
[09:17:47.734] 
[09:17:47.734] ================================================================================
[09:17:47.749] MAP LOADED
[09:17:47.749] ================================================================================
[09:17:47.749] Requested center: Lat=43.713137, Lon=-113.100101
[09:17:47.749] Zoom level: 12
[09:17:47.749] Map tile (integer): X=761, Y=1493
[09:17:47.749] Map tile center represents: Lat=43.739352, Lon=-113.071289
[09:17:47.749] Offset from requested: (-0.026215°, -0.028812°)
[09:17:47.749] Distance offset: -2.91 km N/S, -3.20 km E/W
[09:17:47.749] ================================================================================
[09:17:47.749] 
[09:17:47.749] --------------------------------------------------------------------------------
[09:17:47.749] TRANSMITTER MARKER POSITION
[09:17:47.749] --------------------------------------------------------------------------------
[09:17:47.749] TX coordinates: Lat=43.713137, Lon=-113.100101
[09:17:47.749] Marker drawn at pixel: (300.08, 489.66)
[09:17:47.749] Image center: (384, 384)
[09:17:47.749] Offset from center: (-83.92, 105.66) pixels
[09:17:47.749] Image size: 768x768
[09:17:47.749] --------------------------------------------------------------------------------
[09:17:47.877] 
[09:17:47.877] ================================================================================
[09:17:47.877] MAP LOADED
[09:17:47.877] ================================================================================
[09:17:47.877] Requested center: Lat=43.713137, Lon=-113.100101
[09:17:47.877] Zoom level: 11
[09:17:47.877] Map tile (integer): X=380, Y=746
[09:17:47.877] Map tile center represents: Lat=43.771094, Lon=-113.115234
[09:17:47.877] Offset from requested: (-0.057957°, 0.015134°)
[09:17:47.877] Distance offset: -6.43 km N/S, 1.68 km E/W
[09:17:47.877] ================================================================================
[09:17:47.883] 
[09:17:47.883] --------------------------------------------------------------------------------
[09:17:47.883] TRANSMITTER MARKER POSITION
[09:17:47.883] --------------------------------------------------------------------------------
[09:17:47.883] TX coordinates: Lat=43.713137, Lon=-113.100101
[09:17:47.883] Marker drawn at pixel: (406.04, 500.83)
[09:17:47.883] Image center: (384, 384)
[09:17:47.883] Offset from center: (22.04, 116.83) pixels
[09:17:47.883] Image size: 768x768
[09:17:47.883] --------------------------------------------------------------------------------
[09:17:48.100] 
[09:17:48.100] ================================================================================
[09:17:48.100] MAP LOADED
[09:17:48.100] ================================================================================
[09:17:48.100] Requested center: Lat=43.713137, Lon=-113.100101
[09:17:48.100] Zoom level: 10
[09:17:48.100] Map tile (integer): X=190, Y=373
[09:17:48.100] Map tile center represents: Lat=43.707594, Lon=-113.027344
[09:17:48.100] Offset from requested: (0.005544°, -0.072757°)
[09:17:48.100] Distance offset: 0.62 km N/S, -8.08 km E/W
[09:17:48.100] ================================================================================
[09:17:48.100] 
[09:17:48.100] --------------------------------------------------------------------------------
[09:17:48.100] TRANSMITTER MARKER POSITION
[09:17:48.100] --------------------------------------------------------------------------------
[09:17:48.100] TX coordinates: Lat=43.713137, Lon=-113.100101
[09:17:48.100] Marker drawn at pixel: (331.02, 378.42)
[09:17:48.100] Image center: (384, 384)
[09:17:48.100] Offset from center: (-52.98, -5.58) pixels
[09:17:48.100] Image size: 768x768
[09:17:48.100] --------------------------------------------------------------------------------
[09:24:10.745] 
[09:24:10.746] ################################################################################
[09:24:10.746] SIGNAL PROBE
[09:24:10.746] ################################################################################
[09:24:10.746] Click position: Pixel (422.7, 438.7)
[09:24:10.747] Probe coordinates: Lat=43.653275, Lon=-112.974147
[09:24:10.747] TX coordinates: Lat=43.713137, Lon=-113.100101
[09:24:10.747] Distance from TX: 29.27 km
[09:24:10.747] Azimuth from TX: 123.3°
[09:24:10.747] Coordinate difference: (-0.059863°, 0.125954°)
[09:24:10.748] ################################################################################
[09:24:36.821] 
[09:24:36.821] ================================================================================
[09:24:36.822] MAP LOADED
[09:24:36.823] ================================================================================
[09:24:36.823] Requested center: Lat=43.713137, Lon=-113.100101
[09:24:36.823] Zoom level: 11
[09:24:36.824] Map tile (integer): X=380, Y=746
[09:24:36.824] Map tile center represents: Lat=43.771094, Lon=-113.115234
[09:24:36.824] Offset from requested: (-0.057957°, 0.015134°)
[09:24:36.824] Distance offset: -6.43 km N/S, 1.68 km E/W
[09:24:36.825] ================================================================================
[09:24:37.876] 
[09:24:37.876] ================================================================================
[09:24:37.877] MAP LOADED
[09:24:37.877] ================================================================================
[09:24:37.877] Requested center: Lat=43.713137, Lon=-113.100101
[09:24:37.878] Zoom level: 12
[09:24:37.878] Map tile (integer): X=761, Y=1493
[09:24:37.878] Map tile center represents: Lat=43.739352, Lon=-113.071289
[09:24:37.878] Offset from requested: (-0.026215°, -0.028812°)
[09:24:37.878] Distance offset: -2.91 km N/S, -3.20 km E/W
[09:24:37.880] ================================================================================
[09:24:38.685] 
[09:24:38.686] ================================================================================
[09:24:38.686] MAP LOADED
[09:24:38.686] ================================================================================
[09:24:38.687] Requested center: Lat=43.713137, Lon=-113.100101
[09:24:38.687] Zoom level: 13
[09:24:38.687] Map tile (integer): X=1522, Y=2987
[09:24:38.688] Map tile center represents: Lat=43.723475, Lon=-113.093262
[09:24:38.688] Offset from requested: (-0.010338°, -0.006839°)
[09:24:38.688] Distance offset: -1.15 km N/S, -0.76 km E/W
[09:24:38.688] ================================================================================
[09:24:49.573] 
[09:24:49.573] ================================================================================
[09:24:49.574] MAP LOADED
[09:24:49.574] ================================================================================
[09:24:49.574] Requested center: Lat=43.713137, Lon=-113.100101
[09:24:49.574] Zoom level: 12
[09:24:49.575] Map tile (integer): X=761, Y=1493
[09:24:49.575] Map tile center represents: Lat=43.739352, Lon=-113.071289
[09:24:49.575] Offset from requested: (-0.026215°, -0.028812°)
[09:24:49.575] Distance offset: -2.91 km N/S, -3.20 km E/W
[09:24:49.576] ================================================================================
[09:24:49.907] 
[09:24:49.907] ================================================================================
[09:24:49.907] MAP LOADED
[09:24:49.909] ================================================================================
[09:24:49.909] Requested center: Lat=43.713137, Lon=-113.100101
[09:24:49.909] Zoom level: 11
[09:24:49.909] Map tile (integer): X=380, Y=746
[09:24:49.909] Map tile center represents: Lat=43.771094, Lon=-113.115234
[09:24:49.910] Offset from requested: (-0.057957°, 0.015134°)
[09:24:49.910] Distance offset: -6.43 km N/S, 1.68 km E/W
[09:24:49.910] ================================================================================
[09:28:36.826] 
[09:28:36.826] ================================================================================
[09:28:36.826] MAP LOADED
[09:28:36.827] ================================================================================
[09:28:36.827] Requested center: Lat=43.713137, Lon=-113.100101
[09:28:36.827] Zoom level: 12
[09:28:36.827] Map tile (integer): X=761, Y=1493
[09:28:36.828] Map tile center represents: Lat=43.739352, Lon=-113.071289
[09:28:36.828] Offset from requested: (-0.026215°, -0.028812°)
[09:28:36.828] Distance offset: -2.91 km N/S, -3.20 km E/W
[09:28:36.829] ================================================================================
[09:28:37.107] 
[09:28:37.107] ================================================================================
[09:28:37.107] MAP LOADED
[09:28:37.108] ================================================================================
[09:28:37.108] Requested center: Lat=43.713137, Lon=-113.100101
[09:28:37.108] Zoom level: 13
[09:28:37.109] Map tile (integer): X=1522, Y=2987
[09:28:37.109] Map tile center represents: Lat=43.723475, Lon=-113.093262
[09:28:37.109] Offset from requested: (-0.010338°, -0.006839°)
[09:28:37.109] Distance offset: -1.15 km N/S, -0.76 km E/W
[09:28:37.110] ================================================================================
[09:28:37.391] 
[09:28:37.391] ================================================================================
[09:28:37.391] MAP LOADED
[09:28:37.391] ================================================================================
[09:28:37.391] Requested center: Lat=43.713137, Lon=-113.100101
[09:28:37.391] Zoom level: 12
[09:28:37.392] Map tile (integer): X=761, Y=1493
[09:28:37.392] Map tile center represents: Lat=43.739352, Lon=-113.071289
[09:28:37.392] Offset from requested: (-0.026215°, -0.028812°)
[09:28:37.392] Distance offset: -2.91 km N/S, -3.20 km E/W
[09:28:37.392] ================================================================================
[09:28:37.711] 
[09:28:37.711] ================================================================================
[09:28:37.711] MAP LOADED
[09:28:37.711] ================================================================================
[09:28:37.711] Requested center: Lat=43.713137, Lon=-113.100101
[09:28:37.713] Zoom level: 13
[09:28:37.713] Map tile (integer): X=1522, Y=2987
[09:28:37.713] Map tile center represents: Lat=43.723475, Lon=-113.093262
[09:28:37.714] Offset from requested: (-0.010338°, -0.006839°)
[09:28:37.714] Distance offset: -1.15 km N/S, -0.76 km E/W
[09:28:37.714] ================================================================================
[09:28:37.986] 
[09:28:37.986] ================================================================================
[09:28:37.986] MAP LOADED
[09:28:37.986] ================================================================================
[09:28:37.986] Requested center: Lat=43.713137, Lon=-113.100101
[09:28:37.986] Zoom level: 14
[09:28:37.986] Map tile (integer): X=3044, Y=5975
[09:28:37.986] Map tile center represents: Lat=43.715535, Lon=-113.104248
[09:28:37.986] Offset from requested: (-0.002397°, 0.004147°)
[09:28:37.986] Distance offset: -0.27 km N/S, 0.46 km E/W
[09:28:37.986] ================================================================================
[09:28:38.497] 
[09:28:38.498] ================================================================================
[09:28:38.498] MAP LOADED
[09:28:38.498] ================================================================================
[09:28:38.498] Requested center: Lat=43.713137, Lon=-113.100101
[09:28:38.499] Zoom level: 15
[09:28:38.499] Map tile (integer): X=6089, Y=11951
[09:28:38.499] Map tile center represents: Lat=43.711564, Lon=-113.098755
[09:28:38.499] Offset from requested: (0.001573°, -0.001346°)
[09:28:38.500] Distance offset: 0.17 km N/S, -0.15 km E/W
[09:28:38.500] ================================================================================
[09:28:38.810] 
[09:28:38.810] ================================================================================
[09:28:38.810] MAP LOADED
[09:28:38.810] ================================================================================
[09:28:38.810] Requested center: Lat=43.713137, Lon=-113.100101
[09:28:38.810] Zoom level: 16
[09:28:38.810] Map tile (integer): X=12178, Y=23902
[09:28:38.810] Map tile center represents: Lat=43.713550, Lon=-113.101501
[09:28:38.810] Offset from requested: (-0.000412°, 0.001401°)
[09:28:38.810] Distance offset: -0.05 km N/S, 0.16 km E/W
[09:28:38.810] ================================================================================
[09:28:39.717] 
[09:28:39.717] ================================================================================
[09:28:39.717] MAP LOADED
[09:28:39.719] ================================================================================
[09:28:39.719] Requested center: Lat=43.713137, Lon=-113.100101
[09:28:39.719] Zoom level: 15
[09:28:39.719] Map tile (integer): X=6089, Y=11951
[09:28:39.719] Map tile center represents: Lat=43.711564, Lon=-113.098755
[09:28:39.720] Offset from requested: (0.001573°, -0.001346°)
[09:28:39.720] Distance offset: 0.17 km N/S, -0.15 km E/W
[09:28:39.720] ================================================================================
[09:28:40.030] 
[09:28:40.031] ================================================================================
[09:28:40.031] MAP LOADED
[09:28:40.031] ================================================================================
[09:28:40.031] Requested center: Lat=43.713137, Lon=-113.100101
[09:28:40.032] Zoom level: 13
[09:28:40.032] Map tile (integer): X=1522, Y=2987
[09:28:40.032] Map tile center represents: Lat=43.723475, Lon=-113.093262
[09:28:40.032] Offset from requested: (-0.010338°, -0.006839°)
[09:28:40.033] Distance offset: -1.15 km N/S, -0.76 km E/W
[09:28:40.033] ================================================================================
[09:28:40.327] 
[09:28:40.327] ================================================================================
[09:28:40.327] MAP LOADED
[09:28:40.328] ================================================================================
[09:28:40.328] Requested center: Lat=43.713137, Lon=-113.100101
[09:28:40.328] Zoom level: 13
[09:28:40.328] Map tile (integer): X=1522, Y=2987
[09:28:40.329] Map tile center represents: Lat=43.723475, Lon=-113.093262
[09:28:40.329] Offset from requested: (-0.010338°, -0.006839°)
[09:28:40.329] Distance offset: -1.15 km N/S, -0.76 km E/W
[09:28:40.329] ================================================================================
[09:28:40.867] 
[09:28:40.868] ================================================================================
[09:28:40.868] MAP LOADED
[09:28:40.868] ================================================================================
[09:28:40.869] Requested center: Lat=43.713137, Lon=-113.100101
[09:28:40.869] Zoom level: 12
[09:28:40.869] Map tile (integer): X=761, Y=1493
[09:28:40.869] Map tile center represents: Lat=43.739352, Lon=-113.071289
[09:28:40.869] Offset from requested: (-0.026215°, -0.028812°)
[09:28:40.870] Distance offset: -2.91 km N/S, -3.20 km E/W
[09:28:40.870] ================================================================================
[09:28:41.111] 
[09:28:41.111] ================================================================================
[09:28:41.111] MAP LOADED
[09:28:41.111] ================================================================================
[09:28:41.111] Requested center: Lat=43.713137, Lon=-113.100101
[09:28:41.111] Zoom level: 11
[09:28:41.111] Map tile (integer): X=380, Y=746
[09:28:41.111] Map tile center represents: Lat=43.771094, Lon=-113.115234
[09:28:41.111] Offset from requested: (-0.057957°, 0.015134°)
[09:28:41.111] Distance offset: -6.43 km N/S, 1.68 km E/W
[09:28:41.111] ================================================================================
[09:28:41.345] 
[09:28:41.345] ================================================================================
[09:28:41.345] MAP LOADED
[09:28:41.345] ================================================================================
[09:28:41.345] Requested center: Lat=43.713137, Lon=-113.100101
[09:28:41.345] Zoom level: 10
[09:28:41.345] Map tile (integer): X=190, Y=373
[09:28:41.345] Map tile center represents: Lat=43.707594, Lon=-113.027344
[09:28:41.345] Offset from requested: (0.005544°, -0.072757°)
[09:28:41.345] Distance offset: 0.62 km N/S, -8.08 km E/W
[09:28:41.345] ================================================================================
[09:28:45.260] 
[09:28:45.260] ================================================================================
[09:28:45.260] MAP LOADED
[09:28:45.261] ================================================================================
[09:28:45.261] Requested center: Lat=43.713137, Lon=-113.100101
[09:28:45.261] Zoom level: 11
[09:28:45.261] Map tile (integer): X=380, Y=746
[09:28:45.261] Map tile center represents: Lat=43.771094, Lon=-113.115234
[09:28:45.262] Offset from requested: (-0.057957°, 0.015134°)
[09:28:45.262] Distance offset: -6.43 km N/S, 1.68 km E/W
[09:28:45.262] ================================================================================
[09:28:46.299] 
[09:28:46.299] ================================================================================
[09:28:46.299] MAP LOADED
[09:28:46.299] ================================================================================
[09:28:46.300] Requested center: Lat=43.713137, Lon=-113.100101
[09:28:46.300] Zoom level: 10
[09:28:46.300] Map tile (integer): X=190, Y=373
[09:28:46.301] Map tile center represents: Lat=43.707594, Lon=-113.027344
[09:28:46.301] Offset from requested: (0.005544°, -0.072757°)
[09:28:46.301] Distance offset: 0.62 km N/S, -8.08 km E/W
[09:28:46.301] ================================================================================
[09:28:47.566] 
[09:28:47.566] ================================================================================
[09:28:47.567] MAP LOADED
[09:28:47.567] ================================================================================
[09:28:47.567] Requested center: Lat=43.713137, Lon=-113.100101
[09:28:47.568] Zoom level: 11
[09:28:47.568] Map tile (integer): X=380, Y=746
[09:28:47.568] Map tile center represents: Lat=43.771094, Lon=-113.115234
[09:28:47.568] Offset from requested: (-0.057957°, 0.015134°)
[09:28:47.568] Distance offset: -6.43 km N/S, 1.68 km E/W
[09:28:47.569] ================================================================================
[09:28:48.411] 
[09:28:48.411] ================================================================================
[09:28:48.411] MAP LOADED
[09:28:48.411] ================================================================================
[09:28:48.413] Requested center: Lat=43.713137, Lon=-113.100101
[09:28:48.413] Zoom level: 10
[09:28:48.413] Map tile (integer): X=190, Y=373
[09:28:48.413] Map tile center represents: Lat=43.707594, Lon=-113.027344
[09:28:48.414] Offset from requested: (0.005544°, -0.072757°)
[09:28:48.414] Distance offset: 0.62 km N/S, -8.08 km E/W
[09:28:48.414] ================================================================================
[09:28:50.411] 
[09:28:50.412] ================================================================================
[09:28:50.412] MAP LOADED
[09:28:50.413] ================================================================================
[09:28:50.413] Requested center: Lat=43.713137, Lon=-113.100101
[09:28:50.413] Zoom level: 11
[09:28:50.413] Map tile (integer): X=380, Y=746
[09:28:50.413] Map tile center represents: Lat=43.771094, Lon=-113.115234
[09:28:50.414] Offset from requested: (-0.057957°, 0.015134°)
[09:28:50.414] Distance offset: -6.43 km N/S, 1.68 km E/W
[09:28:50.414] ================================================================================
[09:28:51.137] 
[09:28:51.137] ================================================================================
[09:28:51.137] MAP LOADED
[09:28:51.137] ================================================================================
[09:28:51.138] Requested center: Lat=43.713137, Lon=-113.100101
[09:28:51.138] Zoom level: 12
[09:28:51.138] Map tile (integer): X=761, Y=1493
[09:28:51.138] Map tile center represents: Lat=43.739352, Lon=-113.071289
[09:28:51.138] Offset from requested: (-0.026215°, -0.028812°)
[09:28:51.139] Distance offset: -2.91 km N/S, -3.20 km E/W
[09:28:51.139] ================================================================================
[09:28:51.335] 
[09:28:51.335] ================================================================================
[09:28:51.335] MAP LOADED
[09:28:51.335] ================================================================================
[09:28:51.335] Requested center: Lat=43.713137, Lon=-113.100101
[09:28:51.335] Zoom level: 13
[09:28:51.335] Map tile (integer): X=1522, Y=2987
[09:28:51.335] Map tile center represents: Lat=43.723475, Lon=-113.093262
[09:28:51.335] Offset from requested: (-0.010338°, -0.006839°)
[09:28:51.335] Distance offset: -1.15 km N/S, -0.76 km E/W
[09:28:51.335] ================================================================================
[09:28:51.559] 
[09:28:51.559] ================================================================================
[09:28:51.559] MAP LOADED
[09:28:51.560] ================================================================================
[09:28:51.560] Requested center: Lat=43.713137, Lon=-113.100101
[09:28:51.560] Zoom level: 12
[09:28:51.560] Map tile (integer): X=761, Y=1493
[09:28:51.560] Map tile center represents: Lat=43.739352, Lon=-113.071289
[09:28:51.561] Offset from requested: (-0.026215°, -0.028812°)
[09:28:51.561] Distance offset: -2.91 km N/S, -3.20 km E/W
[09:28:51.561] ================================================================================
[09:28:51.871] 
[09:28:51.871] ================================================================================
[09:28:51.872] MAP LOADED
[09:28:51.872] ================================================================================
[09:28:51.872] Requested center: Lat=43.713137, Lon=-113.100101
[09:28:51.872] Zoom level: 11
[09:28:51.873] Map tile (integer): X=380, Y=746
[09:28:51.873] Map tile center represents: Lat=43.771094, Lon=-113.115234
[09:28:51.873] Offset from requested: (-0.057957°, 0.015134°)
[09:28:51.875] Distance offset: -6.43 km N/S, 1.68 km E/W
[09:28:51.875] ================================================================================
[09:28:52.059] 
[09:28:52.059] ================================================================================
[09:28:52.059] MAP LOADED
[09:28:52.059] ================================================================================
[09:28:52.059] Requested center: Lat=43.713137, Lon=-113.100101
[09:28:52.059] Zoom level: 10
[09:28:52.059] Map tile (integer): X=190, Y=373
[09:28:52.059] Map tile center represents: Lat=43.707594, Lon=-113.027344
[09:28:52.059] Offset from requested: (0.005544°, -0.072757°)
[09:28:52.059] Distance offset: 0.62 km N/S, -8.08 km E/W
[09:28:52.059] ================================================================================
[09:28:53.551] 
[09:28:53.551] ================================================================================
[09:28:53.551] MAP LOADED
[09:28:53.551] ================================================================================
[09:28:53.551] Requested center: Lat=43.713137, Lon=-113.100101
[09:28:53.552] Zoom level: 11
[09:28:53.552] Map tile (integer): X=380, Y=746
[09:28:53.552] Map tile center represents: Lat=43.771094, Lon=-113.115234
[09:28:53.552] Offset from requested: (-0.057957°, 0.015134°)
[09:28:53.553] Distance offset: -6.43 km N/S, 1.68 km E/W
[09:28:53.553] ================================================================================
[09:28:53.779] 
[09:28:53.779] ================================================================================
[09:28:53.779] MAP LOADED
[09:28:53.779] ================================================================================
[09:28:53.779] Requested center: Lat=43.713137, Lon=-113.100101
[09:28:53.779] Zoom level: 12
[09:28:53.779] Map tile (integer): X=761, Y=1493
[09:28:53.779] Map tile center represents: Lat=43.739352, Lon=-113.071289
[09:28:53.779] Offset from requested: (-0.026215°, -0.028812°)
[09:28:53.779] Distance offset: -2.91 km N/S, -3.20 km E/W
[09:28:53.779] ================================================================================
[09:28:54.480] 
[09:28:54.480] ================================================================================
[09:28:54.481] MAP LOADED
[09:28:54.481] ================================================================================
[09:28:54.481] Requested center: Lat=43.713137, Lon=-113.100101
[09:28:54.482] Zoom level: 11
[09:28:54.482] Map tile (integer): X=380, Y=746
[09:28:54.482] Map tile center represents: Lat=43.771094, Lon=-113.115234
[09:28:54.483] Offset from requested: (-0.057957°, 0.015134°)
[09:28:54.483] Distance offset: -6.43 km N/S, 1.68 km E/W
[09:28:54.483] ================================================================================
[09:28:54.672] 
[09:28:54.672] ================================================================================
[09:28:54.674] MAP LOADED
[09:28:54.674] ================================================================================
[09:28:54.674] Requested center: Lat=43.713137, Lon=-113.100101
[09:28:54.674] Zoom level: 10
[09:28:54.675] Map tile (integer): X=190, Y=373
[09:28:54.675] Map tile center represents: Lat=43.707594, Lon=-113.027344
[09:28:54.675] Offset from requested: (0.005544°, -0.072757°)
[09:28:54.675] Distance offset: 0.62 km N/S, -8.08 km E/W
[09:28:54.675] ================================================================================
[09:29:00.196] 
[09:29:00.198] ================================================================================
[09:29:00.198] MAP LOADED
[09:29:00.198] ================================================================================
[09:29:00.198] Requested center: Lat=43.713137, Lon=-113.100101
[09:29:00.199] Zoom level: 11
[09:29:00.199] Map tile (integer): X=380, Y=746
[09:29:00.199] Map tile center represents: Lat=43.771094, Lon=-113.115234
[09:29:00.199] Offset from requested: (-0.057957°, 0.015134°)
[09:29:00.200] Distance offset: -6.43 km N/S, 1.68 km E/W
[09:29:00.200] ================================================================================
[09:29:00.530] 
[09:29:00.530] ================================================================================
[09:29:00.531] MAP LOADED
[09:29:00.531] ================================================================================
[09:29:00.531] Requested center: Lat=43.713137, Lon=-113.100101
[09:29:00.532] Zoom level: 12
[09:29:00.532] Map tile (integer): X=761, Y=1493
[09:29:00.532] Map tile center represents: Lat=43.739352, Lon=-113.071289
[09:29:00.532] Offset from requested: (-0.026215°, -0.028812°)
[09:29:00.533] Distance offset: -2.91 km N/S, -3.20 km E/W
[09:29:00.533] ================================================================================
[09:29:00.770] 
[09:29:00.771] ================================================================================
[09:29:00.771] MAP LOADED
[09:29:00.771] ================================================================================
[09:29:00.771] Requested center: Lat=43.713137, Lon=-113.100101
[09:29:00.772] Zoom level: 13
[09:29:00.772] Map tile (integer): X=1522, Y=2987
[09:29:00.772] Map tile center represents: Lat=43.723475, Lon=-113.093262
[09:29:00.772] Offset from requested: (-0.010338°, -0.006839°)
[09:29:00.773] Distance offset: -1.15 km N/S, -0.76 km E/W
[09:29:00.773] ================================================================================
[09:29:01.097] 
[09:29:01.098] ================================================================================
[09:29:01.098] MAP LOADED
[09:29:01.098] ================================================================================
[09:29:01.098] Requested center: Lat=43.713137, Lon=-113.100101
[09:29:01.099] Zoom level: 14
[09:29:01.099] Map tile (integer): X=3044, Y=5975
[09:29:01.099] Map tile center represents: Lat=43.715535, Lon=-113.104248
[09:29:01.099] Offset from requested: (-0.002397°, 0.004147°)
[09:29:01.099] Distance offset: -0.27 km N/S, 0.46 km E/W
[09:29:01.100] ================================================================================
[09:29:03.213] 
[09:29:03.213] ================================================================================
[09:29:03.213] MAP LOADED
[09:29:03.214] ================================================================================
[09:29:03.214] Requested center: Lat=43.713137, Lon=-113.100101
[09:29:03.214] Zoom level: 13
[09:29:03.214] Map tile (integer): X=1522, Y=2987
[09:29:03.214] Map tile center represents: Lat=43.723475, Lon=-113.093262
[09:29:03.215] Offset from requested: (-0.010338°, -0.006839°)
[09:29:03.215] Distance offset: -1.15 km N/S, -0.76 km E/W
[09:29:03.215] ================================================================================
[09:29:03.396] 
[09:29:03.396] ================================================================================
[09:29:03.396] MAP LOADED
[09:29:03.396] ================================================================================
[09:29:03.396] Requested center: Lat=43.713137, Lon=-113.100101
[09:29:03.396] Zoom level: 12
[09:29:03.396] Map tile (integer): X=761, Y=1493
[09:29:03.396] Map tile center represents: Lat=43.739352, Lon=-113.071289
[09:29:03.396] Offset from requested: (-0.026215°, -0.028812°)
[09:29:03.396] Distance offset: -2.91 km N/S, -3.20 km E/W
[09:29:03.396] ================================================================================
[09:29:03.585] 
[09:29:03.585] ================================================================================
[09:29:03.585] MAP LOADED
[09:29:03.585] ================================================================================
[09:29:03.585] Requested center: Lat=43.713137, Lon=-113.100101
[09:29:03.585] Zoom level: 11
[09:29:03.585] Map tile (integer): X=380, Y=746
[09:29:03.585] Map tile center represents: Lat=43.771094, Lon=-113.115234
[09:29:03.585] Offset from requested: (-0.057957°, 0.015134°)
[09:29:03.585] Distance offset: -6.43 km N/S, 1.68 km E/W
[09:29:03.585] ================================================================================
[09:29:03.870] 
[09:29:03.870] ================================================================================
[09:29:03.871] MAP LOADED
[09:29:03.871] ================================================================================
[09:29:03.871] Requested center: Lat=43.713137, Lon=-113.100101
[09:29:03.872] Zoom level: 10
[09:29:03.872] Map tile (integer): X=190, Y=373
[09:29:03.872] Map tile center represents: Lat=43.707594, Lon=-113.027344
[09:29:03.873] Offset from requested: (0.005544°, -0.072757°)
[09:29:03.873] Distance offset: 0.62 km N/S, -8.08 km E/W
[09:29:03.873] ================================================================================
