[10:08:15.090] ================================================================================
[10:08:15.090] VetRender Coordinate Debug Log
[10:08:15.090] Started: 2026-01-12 10:08:15.090975
[10:08:15.090] ================================================================================
[10:08:15.090] VetRender application started
[10:08:15.220] 
[10:08:15.220] ================================================================================
[10:08:15.220] MAP LOADED
[10:08:15.220] ================================================================================
[10:08:15.220] Requested center: Lat=43.713137, Lon=-113.100101
[10:08:15.220] Zoom level: 10
[10:08:15.220] Map tile (integer): X=190, Y=373
[10:08:15.220] Map tile center represents: Lat=43.707594, Lon=-113.027344
[10:08:15.220] Offset from requested: (0.005544°, -0.072757°)
[10:08:15.220] Distance offset: 0.62 km N/S, -8.08 km E/W
[10:08:15.220] ================================================================================
[10:08:15.229] 
[10:08:15.229] --------------------------------------------------------------------------------
[10:08:15.229] TRANSMITTER MARKER POSITION
[10:08:15.229] --------------------------------------------------------------------------------
[10:08:15.229] TX coordinates: Lat=43.713137, Lon=-113.100101
[10:08:15.229] Marker drawn at pixel: (331.02, 378.42)
[10:08:15.229] Image center: (384, 384)
[10:08:15.229] Offset from center: (-52.98, -5.58) pixels
[10:08:15.229] Image size: 768x768
[10:08:15.229] --------------------------------------------------------------------------------
