[10:09:33.240] ================================================================================
[10:09:33.240] VetRender Coordinate Debug Log
[10:09:33.240] Started: 2026-01-12 10:09:33.240227
[10:09:33.240] ================================================================================
[10:09:33.240] VetRender application started
[10:09:33.377] 
[10:09:33.377] ================================================================================
[10:09:33.377] MAP LOADED
[10:09:33.377] ================================================================================
[10:09:33.377] Requested center: Lat=43.713137, Lon=-113.100101
[10:09:33.377] Zoom level: 10
[10:09:33.377] Map tile (integer): X=190, Y=373
[10:09:33.377] Map tile center represents: Lat=43.707594, Lon=-113.027344
[10:09:33.377] Offset from requested: (0.005544°, -0.072757°)
[10:09:33.377] Distance offset: 0.62 km N/S, -8.08 km E/W
[10:09:33.377] ================================================================================
[10:09:33.393] 
[10:09:33.393] --------------------------------------------------------------------------------
[10:09:33.393] TRANSMITTER MARKER POSITION
[10:09:33.393] --------------------------------------------------------------------------------
[10:09:33.393] TX coordinates: Lat=43.713137, Lon=-113.100101
[10:09:33.393] Marker drawn at pixel: (331.02, 378.42)
[10:09:33.393] Image center: (384, 384)
[10:09:33.393] Offset from center: (-52.98, -5.58) pixels
[10:09:33.393] Image size: 768x768
[10:09:33.393] --------------------------------------------------------------------------------
[10:26:51.999] 
[10:26:51.999] ================================================================================
[10:26:51.999] MAP LOADED
[10:26:52.001] ================================================================================
[10:26:52.001] Requested center: Lat=43.661225, Lon=-114.402965
[10:26:52.001] Zoom level: 10
[10:26:52.001] Map tile (integer): X=186, Y=373
[10:26:52.001] Map tile center represents: Lat=43.707594, Lon=-114.433594
[10:26:52.001] Offset from requested: (-0.046369°, 0.030629°)
[10:26:52.002] Distance offset: -5.15 km N/S, 3.40 km E/W
[10:26:52.002] ================================================================================
[10:26:52.007] 
[10:26:52.007] --------------------------------------------------------------------------------
[10:26:52.007] TRANSMITTER MARKER POSITION
[10:26:52.007] --------------------------------------------------------------------------------
[10:26:52.007] TX coordinates: Lat=43.661225, Lon=-114.402965
[10:26:52.007] Marker drawn at pixel: (406.30, 430.69)
[10:26:52.007] Image center: (384, 384)
[10:26:52.011] Offset from center: (22.30, 46.69) pixels
[10:26:52.011] Image size: 768x768
[10:26:52.011] --------------------------------------------------------------------------------
[10:26:54.371] 
[10:26:54.371] ================================================================================
[10:26:54.372] MAP LOADED
[10:26:54.372] ================================================================================
[10:26:54.372] Requested center: Lat=43.661225, Lon=-114.402965
[10:26:54.372] Zoom level: 11
[10:26:54.372] Map tile (integer): X=373, Y=747
[10:26:54.373] Map tile center represents: Lat=43.644026, Lon=-114.345703
[10:26:54.373] Offset from requested: (0.017199°, -0.057262°)
[10:26:54.373] Distance offset: 1.91 km N/S, -6.36 km E/W
[10:26:54.373] ================================================================================
[10:26:54.379] 
[10:26:54.379] --------------------------------------------------------------------------------
[10:26:54.379] TRANSMITTER MARKER POSITION
[10:26:54.379] --------------------------------------------------------------------------------
[10:26:54.379] TX coordinates: Lat=43.661225, Lon=-114.402965
[10:26:54.379] Marker drawn at pixel: (300.61, 349.38)
[10:26:54.379] Image center: (384, 384)
[10:26:54.379] Offset from center: (-83.39, -34.62) pixels
[10:26:54.379] Image size: 768x768
[10:26:54.379] --------------------------------------------------------------------------------
[10:26:54.509] 
[10:26:54.509] ================================================================================
[10:26:54.509] MAP LOADED
[10:26:54.509] ================================================================================
[10:26:54.509] Requested center: Lat=43.661225, Lon=-114.402965
[10:26:54.509] Zoom level: 12
[10:26:54.509] Map tile (integer): X=746, Y=1494
[10:26:54.509] Map tile center represents: Lat=43.675818, Lon=-114.389648
[10:26:54.509] Offset from requested: (-0.014593°, -0.013317°)
[10:26:54.509] Distance offset: -1.62 km N/S, -1.48 km E/W
[10:26:54.509] ================================================================================
[10:26:54.509] 
[10:26:54.509] --------------------------------------------------------------------------------
[10:26:54.509] TRANSMITTER MARKER POSITION
[10:26:54.509] --------------------------------------------------------------------------------
[10:26:54.509] TX coordinates: Lat=43.661225, Lon=-114.402965
[10:26:54.509] Marker drawn at pixel: (345.21, 442.76)
[10:26:54.509] Image center: (384, 384)
[10:26:54.509] Offset from center: (-38.79, 58.76) pixels
[10:26:54.509] Image size: 768x768
[10:26:54.509] --------------------------------------------------------------------------------
[10:26:54.749] 
[10:26:54.750] ================================================================================
[10:26:54.750] MAP LOADED
[10:26:54.750] ================================================================================
[10:26:54.750] Requested center: Lat=43.661225, Lon=-114.402965
[10:26:54.750] Zoom level: 13
[10:26:54.751] Map tile (integer): X=1492, Y=2989
[10:26:54.751] Map tile center represents: Lat=43.659924, Lon=-114.411621
[10:26:54.751] Offset from requested: (0.001301°, 0.008656°)
[10:26:54.751] Distance offset: 0.14 km N/S, 0.96 km E/W
[10:26:54.752] ================================================================================
[10:26:54.757] 
[10:26:54.757] --------------------------------------------------------------------------------
[10:26:54.757] TRANSMITTER MARKER POSITION
[10:26:54.757] --------------------------------------------------------------------------------
[10:26:54.757] TX coordinates: Lat=43.661225, Lon=-114.402965
[10:26:54.757] Marker drawn at pixel: (434.43, 373.52)
[10:26:54.757] Image center: (384, 384)
[10:26:54.757] Offset from center: (50.43, -10.48) pixels
[10:26:54.757] Image size: 768x768
[10:26:54.757] --------------------------------------------------------------------------------
[10:26:55.388] 
[10:26:55.389] ================================================================================
[10:26:55.389] MAP LOADED
[10:26:55.390] ================================================================================
[10:26:55.390] Requested center: Lat=43.661225, Lon=-114.402965
[10:26:55.390] Zoom level: 14
[10:26:55.391] Map tile (integer): X=2985, Y=5978
[10:26:55.391] Map tile center represents: Lat=43.667872, Lon=-114.400635
[10:26:55.391] Offset from requested: (-0.006647°, -0.002330°)
[10:26:55.391] Distance offset: -0.74 km N/S, -0.26 km E/W
[10:26:55.391] ================================================================================
[10:26:55.396] 
[10:26:55.396] --------------------------------------------------------------------------------
[10:26:55.396] TRANSMITTER MARKER POSITION
[10:26:55.396] --------------------------------------------------------------------------------
[10:26:55.396] TX coordinates: Lat=43.661225, Lon=-114.402965
[10:26:55.396] Marker drawn at pixel: (356.85, 491.05)
[10:26:55.396] Image center: (384, 384)
[10:26:55.396] Offset from center: (-27.15, 107.05) pixels
[10:26:55.396] Image size: 768x768
[10:26:55.396] --------------------------------------------------------------------------------
[10:26:59.936] 
[10:26:59.936] ================================================================================
[10:26:59.936] MAP LOADED
[10:26:59.936] ================================================================================
[10:26:59.936] Requested center: Lat=43.661225, Lon=-114.402965
[10:26:59.936] Zoom level: 15
[10:26:59.936] Map tile (integer): X=5970, Y=11957
[10:26:59.936] Map tile center represents: Lat=43.663898, Lon=-114.406128
[10:26:59.936] Offset from requested: (-0.002673°, 0.003163°)
[10:26:59.936] Distance offset: -0.30 km N/S, 0.35 km E/W
[10:26:59.936] ================================================================================
[10:26:59.942] 
[10:26:59.942] --------------------------------------------------------------------------------
[10:26:59.942] TRANSMITTER MARKER POSITION
[10:26:59.942] --------------------------------------------------------------------------------
[10:26:59.942] TX coordinates: Lat=43.661225, Lon=-114.402965
[10:26:59.942] Marker drawn at pixel: (457.70, 470.10)
[10:26:59.942] Image center: (384, 384)
[10:26:59.942] Offset from center: (73.70, 86.10) pixels
[10:26:59.942] Image size: 768x768
[10:26:59.942] --------------------------------------------------------------------------------
[10:27:02.992] 
[10:27:02.992] ================================================================================
[10:27:02.994] MAP LOADED
[10:27:02.994] ================================================================================
[10:27:02.994] Requested center: Lat=43.661225, Lon=-114.402965
[10:27:02.994] Zoom level: 16
[10:27:02.994] Map tile (integer): X=11941, Y=23915
[10:27:02.994] Map tile center represents: Lat=43.661911, Lon=-114.403381
[10:27:02.994] Offset from requested: (-0.000686°, 0.000416°)
[10:27:02.996] Distance offset: -0.08 km N/S, 0.05 km E/W
[10:27:02.996] ================================================================================
[10:27:03.000] 
[10:27:03.000] --------------------------------------------------------------------------------
[10:27:03.000] TRANSMITTER MARKER POSITION
[10:27:03.002] --------------------------------------------------------------------------------
[10:27:03.002] TX coordinates: Lat=43.661225, Lon=-114.402965
[10:27:03.002] Marker drawn at pixel: (403.40, 428.20)
[10:27:03.002] Image center: (384, 384)
[10:27:03.002] Offset from center: (19.40, 44.20) pixels
[10:27:03.002] Image size: 768x768
[10:27:03.002] --------------------------------------------------------------------------------
[10:27:03.134] 
[10:27:03.134] ================================================================================
[10:27:03.134] MAP LOADED
[10:27:03.134] ================================================================================
[10:27:03.134] Requested center: Lat=43.661225, Lon=-114.402965
[10:27:03.134] Zoom level: 15
[10:27:03.134] Map tile (integer): X=5970, Y=11957
[10:27:03.134] Map tile center represents: Lat=43.663898, Lon=-114.406128
[10:27:03.134] Offset from requested: (-0.002673°, 0.003163°)
[10:27:03.134] Distance offset: -0.30 km N/S, 0.35 km E/W
[10:27:03.134] ================================================================================
[10:27:03.134] 
[10:27:03.134] --------------------------------------------------------------------------------
[10:27:03.134] TRANSMITTER MARKER POSITION
[10:27:03.134] --------------------------------------------------------------------------------
[10:27:03.134] TX coordinates: Lat=43.661225, Lon=-114.402965
[10:27:03.134] Marker drawn at pixel: (457.70, 470.10)
[10:27:03.134] Image center: (384, 384)
[10:27:03.134] Offset from center: (73.70, 86.10) pixels
[10:27:03.134] Image size: 768x768
[10:27:03.134] --------------------------------------------------------------------------------
[10:27:03.574] 
[10:27:03.574] ================================================================================
[10:27:03.574] MAP LOADED
[10:27:03.574] ================================================================================
[10:27:03.575] Requested center: Lat=43.661225, Lon=-114.402965
[10:27:03.575] Zoom level: 14
[10:27:03.575] Map tile (integer): X=2985, Y=5978
[10:27:03.576] Map tile center represents: Lat=43.667872, Lon=-114.400635
[10:27:03.576] Offset from requested: (-0.006647°, -0.002330°)
[10:27:03.576] Distance offset: -0.74 km N/S, -0.26 km E/W
[10:27:03.576] ================================================================================
[10:27:03.582] 
[10:27:03.582] --------------------------------------------------------------------------------
[10:27:03.582] TRANSMITTER MARKER POSITION
[10:27:03.582] --------------------------------------------------------------------------------
[10:27:03.582] TX coordinates: Lat=43.661225, Lon=-114.402965
[10:27:03.582] Marker drawn at pixel: (356.85, 491.05)
[10:27:03.582] Image center: (384, 384)
[10:27:03.582] Offset from center: (-27.15, 107.05) pixels
[10:27:03.582] Image size: 768x768
[10:27:03.582] --------------------------------------------------------------------------------
[10:27:03.709] 
[10:27:03.709] ================================================================================
[10:27:03.709] MAP LOADED
[10:27:03.709] ================================================================================
[10:27:03.709] Requested center: Lat=43.661225, Lon=-114.402965
[10:27:03.709] Zoom level: 12
[10:27:03.709] Map tile (integer): X=746, Y=1494
[10:27:03.709] Map tile center represents: Lat=43.675818, Lon=-114.389648
[10:27:03.709] Offset from requested: (-0.014593°, -0.013317°)
[10:27:03.709] Distance offset: -1.62 km N/S, -1.48 km E/W
[10:27:03.709] ================================================================================
[10:27:03.709] 
[10:27:03.709] --------------------------------------------------------------------------------
[10:27:03.722] TRANSMITTER MARKER POSITION
[10:27:03.722] --------------------------------------------------------------------------------
[10:27:03.722] TX coordinates: Lat=43.661225, Lon=-114.402965
[10:27:03.722] Marker drawn at pixel: (345.21, 442.76)
[10:27:03.723] Image center: (384, 384)
[10:27:03.723] Offset from center: (-38.79, 58.76) pixels
[10:27:03.723] Image size: 768x768
[10:27:03.723] --------------------------------------------------------------------------------
[10:27:03.850] 
[10:27:03.850] ================================================================================
[10:27:03.850] MAP LOADED
[10:27:03.850] ================================================================================
[10:27:03.850] Requested center: Lat=43.661225, Lon=-114.402965
[10:27:03.850] Zoom level: 11
[10:27:03.850] Map tile (integer): X=373, Y=747
[10:27:03.850] Map tile center represents: Lat=43.644026, Lon=-114.345703
[10:27:03.850] Offset from requested: (0.017199°, -0.057262°)
[10:27:03.850] Distance offset: 1.91 km N/S, -6.36 km E/W
[10:27:03.850] ================================================================================
[10:27:03.850] 
[10:27:03.850] --------------------------------------------------------------------------------
[10:27:03.850] TRANSMITTER MARKER POSITION
[10:27:03.850] --------------------------------------------------------------------------------
[10:27:03.850] TX coordinates: Lat=43.661225, Lon=-114.402965
[10:27:03.850] Marker drawn at pixel: (300.61, 349.38)
[10:27:03.850] Image center: (384, 384)
[10:27:03.850] Offset from center: (-83.39, -34.62) pixels
[10:27:03.850] Image size: 768x768
[10:27:03.850] --------------------------------------------------------------------------------
[10:27:03.981] 
[10:27:03.982] ================================================================================
[10:27:03.982] MAP LOADED
[10:27:03.982] ================================================================================
[10:27:03.982] Requested center: Lat=43.661225, Lon=-114.402965
[10:27:03.983] Zoom level: 11
[10:27:03.983] Map tile (integer): X=373, Y=747
[10:27:03.983] Map tile center represents: Lat=43.644026, Lon=-114.345703
[10:27:03.984] Offset from requested: (0.017199°, -0.057262°)
[10:27:03.984] Distance offset: 1.91 km N/S, -6.36 km E/W
[10:27:03.984] ================================================================================
[10:27:03.990] 
[10:27:03.990] --------------------------------------------------------------------------------
[10:27:03.990] TRANSMITTER MARKER POSITION
[10:27:03.990] --------------------------------------------------------------------------------
[10:27:03.990] TX coordinates: Lat=43.661225, Lon=-114.402965
[10:27:03.990] Marker drawn at pixel: (300.61, 349.38)
[10:27:03.990] Image center: (384, 384)
[10:27:03.990] Offset from center: (-83.39, -34.62) pixels
[10:27:03.990] Image size: 768x768
[10:27:03.990] --------------------------------------------------------------------------------
[10:27:05.207] 
[10:27:05.208] ================================================================================
[10:27:05.208] MAP LOADED
[10:27:05.208] ================================================================================
[10:27:05.208] Requested center: Lat=43.661225, Lon=-114.402965
[10:27:05.208] Zoom level: 10
[10:27:05.209] Map tile (integer): X=186, Y=373
[10:27:05.209] Map tile center represents: Lat=43.707594, Lon=-114.433594
[10:27:05.209] Offset from requested: (-0.046369°, 0.030629°)
[10:27:05.210] Distance offset: -5.15 km N/S, 3.40 km E/W
[10:27:05.210] ================================================================================
[10:27:05.214] 
[10:27:05.214] --------------------------------------------------------------------------------
[10:27:05.214] TRANSMITTER MARKER POSITION
[10:27:05.214] --------------------------------------------------------------------------------
[10:27:05.214] TX coordinates: Lat=43.661225, Lon=-114.402965
[10:27:05.214] Marker drawn at pixel: (406.30, 430.69)
[10:27:05.214] Image center: (384, 384)
[10:27:05.214] Offset from center: (22.30, 46.69) pixels
[10:27:05.214] Image size: 768x768
[10:27:05.214] --------------------------------------------------------------------------------
[10:37:35.516] 
[10:37:35.516] ================================================================================
[10:37:35.517] MAP LOADED
[10:37:35.517] ================================================================================
[10:37:35.517] Requested center: Lat=43.661225, Lon=-114.402965
[10:37:35.517] Zoom level: 11
[10:37:35.518] Map tile (integer): X=373, Y=747
[10:37:35.518] Map tile center represents: Lat=43.644026, Lon=-114.345703
[10:37:35.518] Offset from requested: (0.017199°, -0.057262°)
[10:37:35.518] Distance offset: 1.91 km N/S, -6.36 km E/W
[10:37:35.518] ================================================================================
[10:37:35.754] 
[10:37:35.754] ================================================================================
[10:37:35.754] MAP LOADED
[10:37:35.754] ================================================================================
[10:37:35.754] Requested center: Lat=43.661225, Lon=-114.402965
[10:37:35.754] Zoom level: 12
[10:37:35.754] Map tile (integer): X=746, Y=1494
[10:37:35.754] Map tile center represents: Lat=43.675818, Lon=-114.389648
[10:37:35.754] Offset from requested: (-0.014593°, -0.013317°)
[10:37:35.754] Distance offset: -1.62 km N/S, -1.48 km E/W
[10:37:35.754] ================================================================================
[10:37:36.645] 
[10:37:36.645] ================================================================================
[10:37:36.646] MAP LOADED
[10:37:36.646] ================================================================================
[10:37:36.646] Requested center: Lat=43.661225, Lon=-114.402965
[10:37:36.646] Zoom level: 13
[10:37:36.646] Map tile (integer): X=1492, Y=2989
[10:37:36.647] Map tile center represents: Lat=43.659924, Lon=-114.411621
[10:37:36.647] Offset from requested: (0.001301°, 0.008656°)
[10:37:36.647] Distance offset: 0.14 km N/S, 0.96 km E/W
[10:37:36.647] ================================================================================
[10:37:36.891] 
[10:37:36.891] ================================================================================
[10:37:36.891] MAP LOADED
[10:37:36.891] ================================================================================
[10:37:36.891] Requested center: Lat=43.661225, Lon=-114.402965
[10:37:36.891] Zoom level: 14
[10:37:36.891] Map tile (integer): X=2985, Y=5978
[10:37:36.891] Map tile center represents: Lat=43.667872, Lon=-114.400635
[10:37:36.891] Offset from requested: (-0.006647°, -0.002330°)
[10:37:36.891] Distance offset: -0.74 km N/S, -0.26 km E/W
[10:37:36.891] ================================================================================
[10:37:38.029] 
[10:37:38.029] ================================================================================
[10:37:38.029] MAP LOADED
[10:37:38.029] ================================================================================
[10:37:38.029] Requested center: Lat=43.661225, Lon=-114.402965
[10:37:38.029] Zoom level: 13
[10:37:38.030] Map tile (integer): X=1492, Y=2989
[10:37:38.030] Map tile center represents: Lat=43.659924, Lon=-114.411621
[10:37:38.030] Offset from requested: (0.001301°, 0.008656°)
[10:37:38.030] Distance offset: 0.14 km N/S, 0.96 km E/W
[10:37:38.030] ================================================================================
[10:37:45.057] 
[10:37:45.058] ================================================================================
[10:37:45.058] MAP LOADED
[10:37:45.058] ================================================================================
[10:37:45.058] Requested center: Lat=43.661225, Lon=-114.402965
[10:37:45.059] Zoom level: 12
[10:37:45.059] Map tile (integer): X=746, Y=1494
[10:37:45.059] Map tile center represents: Lat=43.675818, Lon=-114.389648
[10:37:45.059] Offset from requested: (-0.014593°, -0.013317°)
[10:37:45.059] Distance offset: -1.62 km N/S, -1.48 km E/W
[10:37:45.060] ================================================================================
[10:37:45.413] 
[10:37:45.413] ================================================================================
[10:37:45.413] MAP LOADED
[10:37:45.414] ================================================================================
[10:37:45.414] Requested center: Lat=43.661225, Lon=-114.402965
[10:37:45.414] Zoom level: 11
[10:37:45.414] Map tile (integer): X=373, Y=747
[10:37:45.415] Map tile center represents: Lat=43.644026, Lon=-114.345703
[10:37:45.415] Offset from requested: (0.017199°, -0.057262°)
[10:37:45.415] Distance offset: 1.91 km N/S, -6.36 km E/W
[10:37:45.416] ================================================================================
[10:37:47.290] 
[10:37:47.290] ================================================================================
[10:37:47.291] MAP LOADED
[10:37:47.291] ================================================================================
[10:37:47.292] Requested center: Lat=43.661225, Lon=-114.402965
[10:37:47.292] Zoom level: 12
[10:37:47.292] Map tile (integer): X=746, Y=1494
[10:37:47.292] Map tile center represents: Lat=43.675818, Lon=-114.389648
[10:37:47.292] Offset from requested: (-0.014593°, -0.013317°)
[10:37:47.292] Distance offset: -1.62 km N/S, -1.48 km E/W
[10:37:47.292] ================================================================================
[10:37:47.520] 
[10:37:47.520] ================================================================================
[10:37:47.520] MAP LOADED
[10:37:47.520] ================================================================================
[10:37:47.520] Requested center: Lat=43.661225, Lon=-114.402965
[10:37:47.520] Zoom level: 13
[10:37:47.520] Map tile (integer): X=1492, Y=2989
[10:37:47.520] Map tile center represents: Lat=43.659924, Lon=-114.411621
[10:37:47.520] Offset from requested: (0.001301°, 0.008656°)
[10:37:47.520] Distance offset: 0.14 km N/S, 0.96 km E/W
[10:37:47.520] ================================================================================
[10:37:47.773] 
[10:37:47.773] ================================================================================
[10:37:47.773] MAP LOADED
[10:37:47.773] ================================================================================
[10:37:47.773] Requested center: Lat=43.661225, Lon=-114.402965
[10:37:47.773] Zoom level: 14
[10:37:47.773] Map tile (integer): X=2985, Y=5978
[10:37:47.773] Map tile center represents: Lat=43.667872, Lon=-114.400635
[10:37:47.773] Offset from requested: (-0.006647°, -0.002330°)
[10:37:47.773] Distance offset: -0.74 km N/S, -0.26 km E/W
[10:37:47.773] ================================================================================
[10:37:48.468] 
[10:37:48.468] ================================================================================
[10:37:48.468] MAP LOADED
[10:37:48.469] ================================================================================
[10:37:48.469] Requested center: Lat=43.661225, Lon=-114.402965
[10:37:48.470] Zoom level: 15
[10:37:48.470] Map tile (integer): X=5970, Y=11957
[10:37:48.470] Map tile center represents: Lat=43.663898, Lon=-114.406128
[10:37:48.470] Offset from requested: (-0.002673°, 0.003163°)
[10:37:48.470] Distance offset: -0.30 km N/S, 0.35 km E/W
[10:37:48.471] ================================================================================
[10:37:50.217] 
[10:37:50.217] ================================================================================
[10:37:50.217] MAP LOADED
[10:37:50.218] ================================================================================
[10:37:50.218] Requested center: Lat=43.661225, Lon=-114.402965
[10:37:50.218] Zoom level: 14
[10:37:50.218] Map tile (integer): X=2985, Y=5978
[10:37:50.219] Map tile center represents: Lat=43.667872, Lon=-114.400635
[10:37:50.219] Offset from requested: (-0.006647°, -0.002330°)
[10:37:50.219] Distance offset: -0.74 km N/S, -0.26 km E/W
[10:37:50.219] ================================================================================
[10:37:55.750] 
[10:37:55.750] ================================================================================
[10:37:55.752] MAP LOADED
[10:37:55.752] ================================================================================
[10:37:55.752] Requested center: Lat=43.661225, Lon=-114.402965
[10:37:55.752] Zoom level: 13
[10:37:55.752] Map tile (integer): X=1492, Y=2989
[10:37:55.753] Map tile center represents: Lat=43.659924, Lon=-114.411621
[10:37:55.753] Offset from requested: (0.001301°, 0.008656°)
[10:37:55.753] Distance offset: 0.14 km N/S, 0.96 km E/W
[10:37:55.753] ================================================================================
[10:37:56.247] 
[10:37:56.247] ================================================================================
[10:37:56.247] MAP LOADED
[10:37:56.247] ================================================================================
[10:37:56.247] Requested center: Lat=43.661225, Lon=-114.402965
[10:37:56.247] Zoom level: 12
[10:37:56.248] Map tile (integer): X=746, Y=1494
[10:37:56.248] Map tile center represents: Lat=43.675818, Lon=-114.389648
[10:37:56.248] Offset from requested: (-0.014593°, -0.013317°)
[10:37:56.248] Distance offset: -1.62 km N/S, -1.48 km E/W
[10:37:56.248] ================================================================================
[10:37:57.197] 
[10:37:57.197] ================================================================================
[10:37:57.198] MAP LOADED
[10:37:57.198] ================================================================================
[10:37:57.198] Requested center: Lat=43.661225, Lon=-114.402965
[10:37:57.198] Zoom level: 13
[10:37:57.198] Map tile (integer): X=1492, Y=2989
[10:37:57.199] Map tile center represents: Lat=43.659924, Lon=-114.411621
[10:37:57.199] Offset from requested: (0.001301°, 0.008656°)
[10:37:57.199] Distance offset: 0.14 km N/S, 0.96 km E/W
[10:37:57.199] ================================================================================
[10:37:57.422] 
[10:37:57.422] ================================================================================
[10:37:57.422] MAP LOADED
[10:37:57.422] ================================================================================
[10:37:57.422] Requested center: Lat=43.661225, Lon=-114.402965
[10:37:57.422] Zoom level: 14
[10:37:57.422] Map tile (integer): X=2985, Y=5978
[10:37:57.422] Map tile center represents: Lat=43.667872, Lon=-114.400635
[10:37:57.422] Offset from requested: (-0.006647°, -0.002330°)
[10:37:57.422] Distance offset: -0.74 km N/S, -0.26 km E/W
[10:37:57.422] ================================================================================
[10:38:01.946] 
[10:38:01.946] ================================================================================
[10:38:01.946] MAP LOADED
[10:38:01.947] ================================================================================
[10:38:01.947] Requested center: Lat=43.661225, Lon=-114.402965
[10:38:01.947] Zoom level: 13
[10:38:01.948] Map tile (integer): X=1492, Y=2989
[10:38:01.948] Map tile center represents: Lat=43.659924, Lon=-114.411621
[10:38:01.948] Offset from requested: (0.001301°, 0.008656°)
[10:38:01.948] Distance offset: 0.14 km N/S, 0.96 km E/W
[10:38:01.948] ================================================================================
[10:38:08.866] 
[10:38:08.866] ################################################################################
[10:38:08.866] SIGNAL PROBE
[10:38:08.866] ################################################################################
[10:38:08.866] Click position: Pixel (638.6, 235.0)
[10:38:08.866] Probe coordinates: Lat=43.678425, Lon=-114.367923
[10:38:08.866] TX coordinates: Lat=43.661225, Lon=-114.402965
[10:38:08.866] Distance from TX: 8.22 km
[10:38:08.866] Azimuth from TX: 55.8°
[10:38:08.866] Coordinate difference: (0.017200°, 0.035042°)
[10:38:08.866] ################################################################################
[10:38:13.305] 
[10:38:13.305] ################################################################################
[10:38:13.305] SIGNAL PROBE
[10:38:13.305] ################################################################################
[10:38:13.305] Click position: Pixel (646.6, 202.0)
[10:38:13.305] Probe coordinates: Lat=43.682525, Lon=-114.366537
[10:38:13.305] TX coordinates: Lat=43.661225, Lon=-114.402965
[10:38:13.305] Distance from TX: 9.10 km
[10:38:13.305] Azimuth from TX: 51.0°
[10:38:13.305] Coordinate difference: (0.021300°, 0.036428°)
[10:38:13.305] ################################################################################
[10:38:15.639] 
[10:38:15.640] ================================================================================
[10:38:15.640] MAP LOADED
[10:38:15.640] ================================================================================
[10:38:15.641] Requested center: Lat=43.661225, Lon=-114.402965
[10:38:15.641] Zoom level: 12
[10:38:15.641] Map tile (integer): X=746, Y=1494
[10:38:15.641] Map tile center represents: Lat=43.675818, Lon=-114.389648
[10:38:15.641] Offset from requested: (-0.014593°, -0.013317°)
[10:38:15.642] Distance offset: -1.62 km N/S, -1.48 km E/W
[10:38:15.642] ================================================================================
[10:38:15.838] 
[10:38:15.838] ================================================================================
[10:38:15.838] MAP LOADED
[10:38:15.838] ================================================================================
[10:38:15.838] Requested center: Lat=43.661225, Lon=-114.402965
[10:38:15.838] Zoom level: 11
[10:38:15.838] Map tile (integer): X=373, Y=747
[10:38:15.838] Map tile center represents: Lat=43.644026, Lon=-114.345703
[10:38:15.838] Offset from requested: (0.017199°, -0.057262°)
[10:38:15.838] Distance offset: 1.91 km N/S, -6.36 km E/W
[10:38:15.838] ================================================================================
[10:38:16.045] 
[10:38:16.054] ================================================================================
[10:38:16.054] MAP LOADED
[10:38:16.054] ================================================================================
[10:38:16.054] Requested center: Lat=43.661225, Lon=-114.402965
[10:38:16.054] Zoom level: 10
[10:38:16.054] Map tile (integer): X=186, Y=373
[10:38:16.054] Map tile center represents: Lat=43.707594, Lon=-114.433594
[10:38:16.054] Offset from requested: (-0.046369°, 0.030629°)
[10:38:16.054] Distance offset: -5.15 km N/S, 3.40 km E/W
[10:38:16.054] ================================================================================
[10:38:16.896] 
[10:38:16.896] ================================================================================
[10:38:16.896] MAP LOADED
[10:38:16.897] ================================================================================
[10:38:16.897] Requested center: Lat=43.661225, Lon=-114.402965
[10:38:16.897] Zoom level: 11
[10:38:16.897] Map tile (integer): X=373, Y=747
[10:38:16.897] Map tile center represents: Lat=43.644026, Lon=-114.345703
[10:38:16.898] Offset from requested: (0.017199°, -0.057262°)
[10:38:16.898] Distance offset: 1.91 km N/S, -6.36 km E/W
[10:38:16.898] ================================================================================
[10:38:17.095] 
[10:38:17.095] ================================================================================
[10:38:17.095] MAP LOADED
[10:38:17.095] ================================================================================
[10:38:17.095] Requested center: Lat=43.661225, Lon=-114.402965
[10:38:17.095] Zoom level: 12
[10:38:17.095] Map tile (integer): X=746, Y=1494
[10:38:17.095] Map tile center represents: Lat=43.675818, Lon=-114.389648
[10:38:17.095] Offset from requested: (-0.014593°, -0.013317°)
[10:38:17.095] Distance offset: -1.62 km N/S, -1.48 km E/W
[10:38:17.095] ================================================================================
[10:38:17.293] 
[10:38:17.293] ================================================================================
[10:38:17.293] MAP LOADED
[10:38:17.293] ================================================================================
[10:38:17.293] Requested center: Lat=43.661225, Lon=-114.402965
[10:38:17.293] Zoom level: 13
[10:38:17.293] Map tile (integer): X=1492, Y=2989
[10:38:17.293] Map tile center represents: Lat=43.659924, Lon=-114.411621
[10:38:17.293] Offset from requested: (0.001301°, 0.008656°)
[10:38:17.293] Distance offset: 0.14 km N/S, 0.96 km E/W
[10:38:17.293] ================================================================================
[10:38:20.818] 
[10:38:20.819] ================================================================================
[10:38:20.819] MAP LOADED
[10:38:20.819] ================================================================================
[10:38:20.820] Requested center: Lat=43.661225, Lon=-114.402965
[10:38:20.820] Zoom level: 12
[10:38:20.820] Map tile (integer): X=746, Y=1494
[10:38:20.820] Map tile center represents: Lat=43.675818, Lon=-114.389648
[10:38:20.820] Offset from requested: (-0.014593°, -0.013317°)
[10:38:20.821] Distance offset: -1.62 km N/S, -1.48 km E/W
[10:38:20.821] ================================================================================
[10:38:21.510] 
[10:38:21.510] ================================================================================
[10:38:21.511] MAP LOADED
[10:38:21.511] ================================================================================
[10:38:21.511] Requested center: Lat=43.661225, Lon=-114.402965
[10:38:21.512] Zoom level: 11
[10:38:21.512] Map tile (integer): X=373, Y=747
[10:38:21.512] Map tile center represents: Lat=43.644026, Lon=-114.345703
[10:38:21.513] Offset from requested: (0.017199°, -0.057262°)
[10:38:21.513] Distance offset: 1.91 km N/S, -6.36 km E/W
[10:38:21.513] ================================================================================
[10:38:25.262] 
[10:38:25.262] ================================================================================
[10:38:25.263] MAP LOADED
[10:38:25.263] ================================================================================
[10:38:25.263] Requested center: Lat=43.661225, Lon=-114.402965
[10:38:25.263] Zoom level: 10
[10:38:25.264] Map tile (integer): X=186, Y=373
[10:38:25.264] Map tile center represents: Lat=43.707594, Lon=-114.433594
[10:38:25.264] Offset from requested: (-0.046369°, 0.030629°)
[10:38:25.264] Distance offset: -5.15 km N/S, 3.40 km E/W
[10:38:25.264] ================================================================================
[10:38:26.597] 
[10:38:26.597] ================================================================================
[10:38:26.597] MAP LOADED
[10:38:26.598] ================================================================================
[10:38:26.598] Requested center: Lat=43.661225, Lon=-114.402965
[10:38:26.598] Zoom level: 11
[10:38:26.598] Map tile (integer): X=373, Y=747
[10:38:26.599] Map tile center represents: Lat=43.644026, Lon=-114.345703
[10:38:26.599] Offset from requested: (0.017199°, -0.057262°)
[10:38:26.599] Distance offset: 1.91 km N/S, -6.36 km E/W
[10:38:26.599] ================================================================================
[10:38:26.776] 
[10:38:26.776] ================================================================================
[10:38:26.776] MAP LOADED
[10:38:26.776] ================================================================================
[10:38:26.776] Requested center: Lat=43.661225, Lon=-114.402965
[10:38:26.776] Zoom level: 12
[10:38:26.781] Map tile (integer): X=746, Y=1494
[10:38:26.781] Map tile center represents: Lat=43.675818, Lon=-114.389648
[10:38:26.781] Offset from requested: (-0.014593°, -0.013317°)
[10:38:26.781] Distance offset: -1.62 km N/S, -1.48 km E/W
[10:38:26.781] ================================================================================
[10:38:26.958] 
[10:38:26.958] ================================================================================
[10:38:26.958] MAP LOADED
[10:38:26.958] ================================================================================
[10:38:26.958] Requested center: Lat=43.661225, Lon=-114.402965
[10:38:26.958] Zoom level: 13
[10:38:26.958] Map tile (integer): X=1492, Y=2989
[10:38:26.958] Map tile center represents: Lat=43.659924, Lon=-114.411621
[10:38:26.958] Offset from requested: (0.001301°, 0.008656°)
[10:38:26.958] Distance offset: 0.14 km N/S, 0.96 km E/W
[10:38:26.958] ================================================================================
[10:38:27.923] 
[10:38:27.923] ================================================================================
[10:38:27.923] MAP LOADED
[10:38:27.924] ================================================================================
[10:38:27.924] Requested center: Lat=43.661225, Lon=-114.402965
[10:38:27.924] Zoom level: 14
[10:38:27.925] Map tile (integer): X=2985, Y=5978
[10:38:27.925] Map tile center represents: Lat=43.667872, Lon=-114.400635
[10:38:27.925] Offset from requested: (-0.006647°, -0.002330°)
[10:38:27.925] Distance offset: -0.74 km N/S, -0.26 km E/W
[10:38:27.926] ================================================================================
[10:38:28.106] 
[10:38:28.106] ================================================================================
[10:38:28.106] MAP LOADED
[10:38:28.106] ================================================================================
[10:38:28.106] Requested center: Lat=43.661225, Lon=-114.402965
[10:38:28.106] Zoom level: 15
[10:38:28.106] Map tile (integer): X=5970, Y=11957
[10:38:28.106] Map tile center represents: Lat=43.663898, Lon=-114.406128
[10:38:28.106] Offset from requested: (-0.002673°, 0.003163°)
[10:38:28.106] Distance offset: -0.30 km N/S, 0.35 km E/W
[10:38:28.106] ================================================================================
[10:38:29.439] 
[10:38:29.439] ================================================================================
[10:38:29.439] MAP LOADED
[10:38:29.440] ================================================================================
[10:38:29.440] Requested center: Lat=43.661225, Lon=-114.402965
[10:38:29.440] Zoom level: 14
[10:38:29.440] Map tile (integer): X=2985, Y=5978
[10:38:29.441] Map tile center represents: Lat=43.667872, Lon=-114.400635
[10:38:29.441] Offset from requested: (-0.006647°, -0.002330°)
[10:38:29.441] Distance offset: -0.74 km N/S, -0.26 km E/W
[10:38:29.441] ================================================================================
[10:38:29.662] 
[10:38:29.662] ================================================================================
[10:38:29.662] MAP LOADED
[10:38:29.663] ================================================================================
[10:38:29.663] Requested center: Lat=43.661225, Lon=-114.402965
[10:38:29.663] Zoom level: 13
[10:38:29.663] Map tile (integer): X=1492, Y=2989
[10:38:29.664] Map tile center represents: Lat=43.659924, Lon=-114.411621
[10:38:29.664] Offset from requested: (0.001301°, 0.008656°)
[10:38:29.664] Distance offset: 0.14 km N/S, 0.96 km E/W
[10:38:29.664] ================================================================================
[10:38:30.872] 
[10:38:30.872] ================================================================================
[10:38:30.872] MAP LOADED
[10:38:30.873] ================================================================================
[10:38:30.873] Requested center: Lat=43.661225, Lon=-114.402965
[10:38:30.873] Zoom level: 12
[10:38:30.875] Map tile (integer): X=746, Y=1494
[10:38:30.875] Map tile center represents: Lat=43.675818, Lon=-114.389648
[10:38:30.875] Offset from requested: (-0.014593°, -0.013317°)
[10:38:30.875] Distance offset: -1.62 km N/S, -1.48 km E/W
[10:38:30.875] ================================================================================
[10:38:31.040] 
[10:38:31.040] ================================================================================
[10:38:31.040] MAP LOADED
[10:38:31.040] ================================================================================
[10:38:31.040] Requested center: Lat=43.661225, Lon=-114.402965
[10:38:31.040] Zoom level: 11
[10:38:31.040] Map tile (integer): X=373, Y=747
[10:38:31.040] Map tile center represents: Lat=43.644026, Lon=-114.345703
[10:38:31.040] Offset from requested: (0.017199°, -0.057262°)
[10:38:31.040] Distance offset: 1.91 km N/S, -6.36 km E/W
[10:38:31.040] ================================================================================
[10:38:50.190] 
[10:38:50.190] ================================================================================
[10:38:50.192] MAP LOADED
[10:38:50.192] ================================================================================
[10:38:50.192] Requested center: Lat=43.661225, Lon=-114.402965
[10:38:50.192] Zoom level: 11
[10:38:50.192] Map tile (integer): X=373, Y=747
[10:38:50.193] Map tile center represents: Lat=43.644026, Lon=-114.345703
[10:38:50.193] Offset from requested: (0.017199°, -0.057262°)
[10:38:50.193] Distance offset: 1.91 km N/S, -6.36 km E/W
[10:38:50.193] ================================================================================
[10:38:52.055] 
[10:38:52.055] ================================================================================
[10:38:52.055] MAP LOADED
[10:38:52.055] ================================================================================
[10:38:52.056] Requested center: Lat=43.661225, Lon=-114.402965
[10:38:52.056] Zoom level: 11
[10:38:52.056] Map tile (integer): X=373, Y=747
[10:38:52.056] Map tile center represents: Lat=43.644026, Lon=-114.345703
[10:38:52.056] Offset from requested: (0.017199°, -0.057262°)
[10:38:52.057] Distance offset: 1.91 km N/S, -6.36 km E/W
[10:38:52.057] ================================================================================
[10:38:53.006] 
[10:38:53.007] ================================================================================
[10:38:53.007] MAP LOADED
[10:38:53.007] ================================================================================
[10:38:53.008] Requested center: Lat=43.661225, Lon=-114.402965
[10:38:53.008] Zoom level: 11
[10:38:53.009] Map tile (integer): X=373, Y=747
[10:38:53.009] Map tile center represents: Lat=43.644026, Lon=-114.345703
[10:38:53.009] Offset from requested: (0.017199°, -0.057262°)
[10:38:53.009] Distance offset: 1.91 km N/S, -6.36 km E/W
[10:38:53.009] ================================================================================
