[10:06:57.867] ================================================================================
[10:06:57.867] VetRender Coordinate Debug Log
[10:06:57.867] Started: 2026-01-12 10:06:57.867662
[10:06:57.867] ================================================================================
[10:06:57.867] VetRender application started
[10:06:58.012] 
[10:06:58.012] ================================================================================
[10:06:58.012] MAP LOADED
[10:06:58.012] ================================================================================
[10:06:58.012] Requested center: Lat=43.713137, Lon=-113.100101
[10:06:58.012] Zoom level: 10
[10:06:58.012] Map tile (integer): X=190, Y=373
[10:06:58.012] Map tile center represents: Lat=43.707594, Lon=-113.027344
[10:06:58.012] Offset from requested: (0.005544°, -0.072757°)
[10:06:58.012] Distance offset: 0.62 km N/S, -8.08 km E/W
[10:06:58.012] ================================================================================
[10:06:58.021] 
[10:06:58.021] --------------------------------------------------------------------------------
[10:06:58.021] TRANSMITTER MARKER POSITION
[10:06:58.021] --------------------------------------------------------------------------------
[10:06:58.021] TX coordinates: Lat=43.713137, Lon=-113.100101
[10:06:58.021] Marker drawn at pixel: (331.02, 378.42)
[10:06:58.021] Image center: (384, 384)
[10:06:58.021] Offset from center: (-52.98, -5.58) pixels
[10:06:58.023] Image size: 768x768
[10:06:58.023] --------------------------------------------------------------------------------
