[09:35:54.247] ================================================================================
[09:35:54.247] VetRender Coordinate Debug Log
[09:35:54.247] Started: 2026-01-12 09:35:54.247148
[09:35:54.247] ================================================================================
[09:35:54.247] VetRender application started
[09:35:54.368] 
[09:35:54.368] ================================================================================
[09:35:54.368] MAP LOADED
[09:35:54.368] ================================================================================
[09:35:54.368] Requested center: Lat=43.713137, Lon=-113.100101
[09:35:54.368] Zoom level: 10
[09:35:54.368] Map tile (integer): X=190, Y=373
[09:35:54.368] Map tile center represents: Lat=43.707594, Lon=-113.027344
[09:35:54.368] Offset from requested: (0.005544°, -0.072757°)
[09:35:54.368] Distance offset: 0.62 km N/S, -8.08 km E/W
[09:35:54.368] ================================================================================
[09:35:54.384] 
[09:35:54.384] --------------------------------------------------------------------------------
[09:35:54.384] TRANSMITTER MARKER POSITION
[09:35:54.384] --------------------------------------------------------------------------------
[09:35:54.384] TX coordinates: Lat=43.713137, Lon=-113.100101
[09:35:54.384] Marker drawn at pixel: (331.02, 378.42)
[09:35:54.384] Image center: (384, 384)
[09:35:54.384] Offset from center: (-52.98, -5.58) pixels
[09:35:54.384] Image size: 768x768
[09:35:54.384] --------------------------------------------------------------------------------
[09:36:31.469] 
[09:36:31.469] ================================================================================
[09:36:31.469] MAP LOADED
[09:36:31.470] ================================================================================
[09:36:31.470] Requested center: Lat=43.713137, Lon=-113.100101
[09:36:31.470] Zoom level: 11
[09:36:31.470] Map tile (integer): X=380, Y=746
[09:36:31.471] Map tile center represents: Lat=43.771094, Lon=-113.115234
[09:36:31.471] Offset from requested: (-0.057957°, 0.015134°)
[09:36:31.471] Distance offset: -6.43 km N/S, 1.68 km E/W
[09:36:31.471] ================================================================================
[09:36:31.476] 
[09:36:31.478] --------------------------------------------------------------------------------
[09:36:31.478] TRANSMITTER MARKER POSITION
[09:36:31.478] --------------------------------------------------------------------------------
[09:36:31.478] TX coordinates: Lat=43.713137, Lon=-113.100101
[09:36:31.478] Marker drawn at pixel: (406.04, 500.83)
[09:36:31.479] Image center: (384, 384)
[09:36:31.479] Offset from center: (22.04, 116.83) pixels
[09:36:31.479] Image size: 768x768
[09:36:31.479] --------------------------------------------------------------------------------
[09:36:31.579] 
[09:36:31.579] ================================================================================
[09:36:31.579] MAP LOADED
[09:36:31.580] ================================================================================
[09:36:31.580] Requested center: Lat=43.713137, Lon=-113.100101
[09:36:31.581] Zoom level: 12
[09:36:31.581] Map tile (integer): X=761, Y=1493
[09:36:31.581] Map tile center represents: Lat=43.739352, Lon=-113.071289
[09:36:31.581] Offset from requested: (-0.026215°, -0.028812°)
[09:36:31.581] Distance offset: -2.91 km N/S, -3.20 km E/W
[09:36:31.581] ================================================================================
[09:36:31.587] 
[09:36:31.587] --------------------------------------------------------------------------------
[09:36:31.587] TRANSMITTER MARKER POSITION
[09:36:31.587] --------------------------------------------------------------------------------
[09:36:31.587] TX coordinates: Lat=43.713137, Lon=-113.100101
[09:36:31.587] Marker drawn at pixel: (300.08, 489.66)
[09:36:31.587] Image center: (384, 384)
[09:36:31.587] Offset from center: (-83.92, 105.66) pixels
[09:36:31.587] Image size: 768x768
[09:36:31.587] --------------------------------------------------------------------------------
[09:36:32.211] 
[09:36:32.211] ================================================================================
[09:36:32.212] MAP LOADED
[09:36:32.212] ================================================================================
[09:36:32.212] Requested center: Lat=43.713137, Lon=-113.100101
[09:36:32.212] Zoom level: 11
[09:36:32.213] Map tile (integer): X=380, Y=746
[09:36:32.213] Map tile center represents: Lat=43.771094, Lon=-113.115234
[09:36:32.213] Offset from requested: (-0.057957°, 0.015134°)
[09:36:32.213] Distance offset: -6.43 km N/S, 1.68 km E/W
[09:36:32.213] ================================================================================
[09:36:32.219] 
[09:36:32.219] --------------------------------------------------------------------------------
[09:36:32.219] TRANSMITTER MARKER POSITION
[09:36:32.219] --------------------------------------------------------------------------------
[09:36:32.219] TX coordinates: Lat=43.713137, Lon=-113.100101
[09:36:32.219] Marker drawn at pixel: (406.04, 500.83)
[09:36:32.219] Image center: (384, 384)
[09:36:32.219] Offset from center: (22.04, 116.83) pixels
[09:36:32.219] Image size: 768x768
[09:36:32.219] --------------------------------------------------------------------------------
[09:36:32.556] 
[09:36:32.557] ================================================================================
[09:36:32.557] MAP LOADED
[09:36:32.557] ================================================================================
[09:36:32.557] Requested center: Lat=43.713137, Lon=-113.100101
[09:36:32.557] Zoom level: 12
[09:36:32.558] Map tile (integer): X=761, Y=1493
[09:36:32.558] Map tile center represents: Lat=43.739352, Lon=-113.071289
[09:36:32.558] Offset from requested: (-0.026215°, -0.028812°)
[09:36:32.558] Distance offset: -2.91 km N/S, -3.20 km E/W
[09:36:32.559] ================================================================================
[09:36:32.565] 
[09:36:32.565] --------------------------------------------------------------------------------
[09:36:32.565] TRANSMITTER MARKER POSITION
[09:36:32.565] --------------------------------------------------------------------------------
[09:36:32.565] TX coordinates: Lat=43.713137, Lon=-113.100101
[09:36:32.565] Marker drawn at pixel: (300.08, 489.66)
[09:36:32.565] Image center: (384, 384)
[09:36:32.565] Offset from center: (-83.92, 105.66) pixels
[09:36:32.565] Image size: 768x768
[09:36:32.565] --------------------------------------------------------------------------------
[09:36:32.745] 
[09:36:32.745] ================================================================================
[09:36:32.746] MAP LOADED
[09:36:32.746] ================================================================================
[09:36:32.746] Requested center: Lat=43.713137, Lon=-113.100101
[09:36:32.747] Zoom level: 13
[09:36:32.747] Map tile (integer): X=1522, Y=2987
[09:36:32.747] Map tile center represents: Lat=43.723475, Lon=-113.093262
[09:36:32.747] Offset from requested: (-0.010338°, -0.006839°)
[09:36:32.747] Distance offset: -1.15 km N/S, -0.76 km E/W
[09:36:32.748] ================================================================================
[09:36:32.752] 
[09:36:32.752] --------------------------------------------------------------------------------
[09:36:32.752] TRANSMITTER MARKER POSITION
[09:36:32.752] --------------------------------------------------------------------------------
[09:36:32.752] TX coordinates: Lat=43.713137, Lon=-113.100101
[09:36:32.752] Marker drawn at pixel: (344.16, 467.32)
[09:36:32.752] Image center: (384, 384)
[09:36:32.752] Offset from center: (-39.84, 83.32) pixels
[09:36:32.752] Image size: 768x768
[09:36:32.752] --------------------------------------------------------------------------------
[09:36:33.375] 
[09:36:33.375] ================================================================================
[09:36:33.376] MAP LOADED
[09:36:33.376] ================================================================================
[09:36:33.376] Requested center: Lat=43.713137, Lon=-113.100101
[09:36:33.376] Zoom level: 14
[09:36:33.376] Map tile (integer): X=3044, Y=5975
[09:36:33.376] Map tile center represents: Lat=43.715535, Lon=-113.104248
[09:36:33.377] Offset from requested: (-0.002397°, 0.004147°)
[09:36:33.377] Distance offset: -0.27 km N/S, 0.46 km E/W
[09:36:33.377] ================================================================================
[09:36:33.383] 
[09:36:33.384] --------------------------------------------------------------------------------
[09:36:33.384] TRANSMITTER MARKER POSITION
[09:36:33.384] --------------------------------------------------------------------------------
[09:36:33.384] TX coordinates: Lat=43.713137, Lon=-113.100101
[09:36:33.384] Marker drawn at pixel: (432.32, 422.64)
[09:36:33.384] Image center: (384, 384)
[09:36:33.384] Offset from center: (48.32, 38.64) pixels
[09:36:33.384] Image size: 768x768
[09:36:33.384] --------------------------------------------------------------------------------
[09:36:33.463] 
[09:36:33.463] ================================================================================
[09:36:33.463] MAP LOADED
[09:36:33.463] ================================================================================
[09:36:33.463] Requested center: Lat=43.713137, Lon=-113.100101
[09:36:33.463] Zoom level: 15
[09:36:33.463] Map tile (integer): X=6089, Y=11951
[09:36:33.463] Map tile center represents: Lat=43.711564, Lon=-113.098755
[09:36:33.463] Offset from requested: (0.001573°, -0.001346°)
[09:36:33.463] Distance offset: 0.17 km N/S, -0.15 km E/W
[09:36:33.463] ================================================================================
[09:36:33.463] 
[09:36:33.479] --------------------------------------------------------------------------------
[09:36:33.479] TRANSMITTER MARKER POSITION
[09:36:33.479] --------------------------------------------------------------------------------
[09:36:33.479] TX coordinates: Lat=43.713137, Lon=-113.100101
[09:36:33.479] Marker drawn at pixel: (352.64, 333.29)
[09:36:33.479] Image center: (384, 384)
[09:36:33.479] Offset from center: (-31.36, -50.71) pixels
[09:36:33.479] Image size: 768x768
[09:36:33.479] --------------------------------------------------------------------------------
[09:36:33.557] 
[09:36:33.557] ================================================================================
[09:36:33.557] MAP LOADED
[09:36:33.557] ================================================================================
[09:36:33.557] Requested center: Lat=43.713137, Lon=-113.100101
[09:36:33.557] Zoom level: 16
[09:36:33.557] Map tile (integer): X=12178, Y=23902
[09:36:33.557] Map tile center represents: Lat=43.713550, Lon=-113.101501
[09:36:33.557] Offset from requested: (-0.000412°, 0.001401°)
[09:36:33.557] Distance offset: -0.05 km N/S, 0.16 km E/W
[09:36:33.557] ================================================================================
[09:36:33.573] 
[09:36:33.573] --------------------------------------------------------------------------------
[09:36:33.573] TRANSMITTER MARKER POSITION
[09:36:33.573] --------------------------------------------------------------------------------
[09:36:33.573] TX coordinates: Lat=43.713137, Lon=-113.100101
[09:36:33.573] Marker drawn at pixel: (449.28, 410.58)
[09:36:33.573] Image center: (384, 384)
[09:36:33.573] Offset from center: (65.28, 26.58) pixels
[09:36:33.573] Image size: 768x768
[09:36:33.573] --------------------------------------------------------------------------------
[09:36:34.947] 
[09:36:34.948] ================================================================================
[09:36:34.948] MAP LOADED
[09:36:34.948] ================================================================================
[09:36:34.949] Requested center: Lat=43.713137, Lon=-113.100101
[09:36:34.949] Zoom level: 15
[09:36:34.949] Map tile (integer): X=6089, Y=11951
[09:36:34.949] Map tile center represents: Lat=43.711564, Lon=-113.098755
[09:36:34.949] Offset from requested: (0.001573°, -0.001346°)
[09:36:34.950] Distance offset: 0.17 km N/S, -0.15 km E/W
[09:36:34.950] ================================================================================
[09:36:34.955] 
[09:36:34.955] --------------------------------------------------------------------------------
[09:36:34.955] TRANSMITTER MARKER POSITION
[09:36:34.956] --------------------------------------------------------------------------------
[09:36:34.956] TX coordinates: Lat=43.713137, Lon=-113.100101
[09:36:34.956] Marker drawn at pixel: (352.64, 333.29)
[09:36:34.956] Image center: (384, 384)
[09:36:34.956] Offset from center: (-31.36, -50.71) pixels
[09:36:34.956] Image size: 768x768
[09:36:34.956] --------------------------------------------------------------------------------
[09:36:35.036] 
[09:36:35.036] ================================================================================
[09:36:35.036] MAP LOADED
[09:36:35.036] ================================================================================
[09:36:35.036] Requested center: Lat=43.713137, Lon=-113.100101
[09:36:35.036] Zoom level: 14
[09:36:35.036] Map tile (integer): X=3044, Y=5975
[09:36:35.036] Map tile center represents: Lat=43.715535, Lon=-113.104248
[09:36:35.036] Offset from requested: (-0.002397°, 0.004147°)
[09:36:35.036] Distance offset: -0.27 km N/S, 0.46 km E/W
[09:36:35.036] ================================================================================
[09:36:35.036] 
[09:36:35.036] --------------------------------------------------------------------------------
[09:36:35.036] TRANSMITTER MARKER POSITION
[09:36:35.036] --------------------------------------------------------------------------------
[09:36:35.036] TX coordinates: Lat=43.713137, Lon=-113.100101
[09:36:35.036] Marker drawn at pixel: (432.32, 422.64)
[09:36:35.036] Image center: (384, 384)
[09:36:35.036] Offset from center: (48.32, 38.64) pixels
[09:36:35.036] Image size: 768x768
[09:36:35.036] --------------------------------------------------------------------------------
[09:36:35.132] 
[09:36:35.132] ================================================================================
[09:36:35.132] MAP LOADED
[09:36:35.132] ================================================================================
[09:36:35.132] Requested center: Lat=43.713137, Lon=-113.100101
[09:36:35.132] Zoom level: 13
[09:36:35.132] Map tile (integer): X=1522, Y=2987
[09:36:35.132] Map tile center represents: Lat=43.723475, Lon=-113.093262
[09:36:35.132] Offset from requested: (-0.010338°, -0.006839°)
[09:36:35.132] Distance offset: -1.15 km N/S, -0.76 km E/W
[09:36:35.132] ================================================================================
[09:36:35.132] 
[09:36:35.132] --------------------------------------------------------------------------------
[09:36:35.132] TRANSMITTER MARKER POSITION
[09:36:35.132] --------------------------------------------------------------------------------
[09:36:35.132] TX coordinates: Lat=43.713137, Lon=-113.100101
[09:36:35.132] Marker drawn at pixel: (344.16, 467.32)
[09:36:35.132] Image center: (384, 384)
[09:36:35.132] Offset from center: (-39.84, 83.32) pixels
[09:36:35.132] Image size: 768x768
[09:36:35.132] --------------------------------------------------------------------------------
[09:36:35.761] 
[09:36:35.761] ================================================================================
[09:36:35.761] MAP LOADED
[09:36:35.761] ================================================================================
[09:36:35.762] Requested center: Lat=43.713137, Lon=-113.100101
[09:36:35.762] Zoom level: 12
[09:36:35.762] Map tile (integer): X=761, Y=1493
[09:36:35.762] Map tile center represents: Lat=43.739352, Lon=-113.071289
[09:36:35.762] Offset from requested: (-0.026215°, -0.028812°)
[09:36:35.764] Distance offset: -2.91 km N/S, -3.20 km E/W
[09:36:35.764] ================================================================================
[09:36:35.769] 
[09:36:35.769] --------------------------------------------------------------------------------
[09:36:35.770] TRANSMITTER MARKER POSITION
[09:36:35.770] --------------------------------------------------------------------------------
[09:36:35.770] TX coordinates: Lat=43.713137, Lon=-113.100101
[09:36:35.770] Marker drawn at pixel: (300.08, 489.66)
[09:36:35.770] Image center: (384, 384)
[09:36:35.770] Offset from center: (-83.92, 105.66) pixels
[09:36:35.770] Image size: 768x768
[09:36:35.770] --------------------------------------------------------------------------------
[09:36:35.849] 
[09:36:35.849] ================================================================================
[09:36:35.849] MAP LOADED
[09:36:35.849] ================================================================================
[09:36:35.849] Requested center: Lat=43.713137, Lon=-113.100101
[09:36:35.849] Zoom level: 11
[09:36:35.849] Map tile (integer): X=380, Y=746
[09:36:35.849] Map tile center represents: Lat=43.771094, Lon=-113.115234
[09:36:35.849] Offset from requested: (-0.057957°, 0.015134°)
[09:36:35.849] Distance offset: -6.43 km N/S, 1.68 km E/W
[09:36:35.849] ================================================================================
[09:36:35.849] 
[09:36:35.849] --------------------------------------------------------------------------------
[09:36:35.849] TRANSMITTER MARKER POSITION
[09:36:35.849] --------------------------------------------------------------------------------
[09:36:35.849] TX coordinates: Lat=43.713137, Lon=-113.100101
[09:36:35.849] Marker drawn at pixel: (406.04, 500.83)
[09:36:35.849] Image center: (384, 384)
[09:36:35.849] Offset from center: (22.04, 116.83) pixels
[09:36:35.849] Image size: 768x768
[09:36:35.849] --------------------------------------------------------------------------------
[09:36:35.945] 
[09:36:35.945] ================================================================================
[09:36:35.945] MAP LOADED
[09:36:35.945] ================================================================================
[09:36:35.945] Requested center: Lat=43.713137, Lon=-113.100101
[09:36:35.945] Zoom level: 10
[09:36:35.945] Map tile (integer): X=190, Y=373
[09:36:35.945] Map tile center represents: Lat=43.707594, Lon=-113.027344
[09:36:35.945] Offset from requested: (0.005544°, -0.072757°)
[09:36:35.945] Distance offset: 0.62 km N/S, -8.08 km E/W
[09:36:35.945] ================================================================================
[09:36:35.945] 
[09:36:35.945] --------------------------------------------------------------------------------
[09:36:35.945] TRANSMITTER MARKER POSITION
[09:36:35.945] --------------------------------------------------------------------------------
[09:36:35.945] TX coordinates: Lat=43.713137, Lon=-113.100101
[09:36:35.945] Marker drawn at pixel: (331.02, 378.42)
[09:36:35.945] Image center: (384, 384)
[09:36:35.945] Offset from center: (-52.98, -5.58) pixels
[09:36:35.945] Image size: 768x768
[09:36:35.945] --------------------------------------------------------------------------------
[09:36:36.782] 
[09:36:36.782] ================================================================================
[09:36:36.784] MAP LOADED
[09:36:36.784] ================================================================================
[09:36:36.784] Requested center: Lat=43.713137, Lon=-113.100101
[09:36:36.784] Zoom level: 11
[09:36:36.784] Map tile (integer): X=380, Y=746
[09:36:36.784] Map tile center represents: Lat=43.771094, Lon=-113.115234
[09:36:36.784] Offset from requested: (-0.057957°, 0.015134°)
[09:36:36.785] Distance offset: -6.43 km N/S, 1.68 km E/W
[09:36:36.785] ================================================================================
[09:36:36.791] 
[09:36:36.791] --------------------------------------------------------------------------------
[09:36:36.792] TRANSMITTER MARKER POSITION
[09:36:36.792] --------------------------------------------------------------------------------
[09:36:36.792] TX coordinates: Lat=43.713137, Lon=-113.100101
[09:36:36.792] Marker drawn at pixel: (406.04, 500.83)
[09:36:36.792] Image center: (384, 384)
[09:36:36.792] Offset from center: (22.04, 116.83) pixels
[09:36:36.792] Image size: 768x768
[09:36:36.792] --------------------------------------------------------------------------------
[09:36:36.978] 
[09:36:36.978] ================================================================================
[09:36:36.978] MAP LOADED
[09:36:36.978] ================================================================================
[09:36:36.979] Requested center: Lat=43.713137, Lon=-113.100101
[09:36:36.979] Zoom level: 12
[09:36:36.979] Map tile (integer): X=761, Y=1493
[09:36:36.979] Map tile center represents: Lat=43.739352, Lon=-113.071289
[09:36:36.979] Offset from requested: (-0.026215°, -0.028812°)
[09:36:36.980] Distance offset: -2.91 km N/S, -3.20 km E/W
[09:36:36.980] ================================================================================
[09:36:36.985] 
[09:36:36.986] --------------------------------------------------------------------------------
[09:36:36.986] TRANSMITTER MARKER POSITION
[09:36:36.986] --------------------------------------------------------------------------------
[09:36:36.986] TX coordinates: Lat=43.713137, Lon=-113.100101
[09:36:36.986] Marker drawn at pixel: (300.08, 489.66)
[09:36:36.986] Image center: (384, 384)
[09:36:36.986] Offset from center: (-83.92, 105.66) pixels
[09:36:36.986] Image size: 768x768
[09:36:36.986] --------------------------------------------------------------------------------
[09:36:37.066] 
[09:36:37.066] ================================================================================
[09:36:37.066] MAP LOADED
[09:36:37.066] ================================================================================
[09:36:37.066] Requested center: Lat=43.713137, Lon=-113.100101
[09:36:37.066] Zoom level: 13
[09:36:37.066] Map tile (integer): X=1522, Y=2987
[09:36:37.066] Map tile center represents: Lat=43.723475, Lon=-113.093262
[09:36:37.066] Offset from requested: (-0.010338°, -0.006839°)
[09:36:37.066] Distance offset: -1.15 km N/S, -0.76 km E/W
[09:36:37.066] ================================================================================
[09:36:37.066] 
[09:36:37.066] --------------------------------------------------------------------------------
[09:36:37.066] TRANSMITTER MARKER POSITION
[09:36:37.081] --------------------------------------------------------------------------------
[09:36:37.081] TX coordinates: Lat=43.713137, Lon=-113.100101
[09:36:37.081] Marker drawn at pixel: (344.16, 467.32)
[09:36:37.081] Image center: (384, 384)
[09:36:37.081] Offset from center: (-39.84, 83.32) pixels
[09:36:37.081] Image size: 768x768
[09:36:37.081] --------------------------------------------------------------------------------
[09:36:37.168] 
[09:36:37.168] ================================================================================
[09:36:37.168] MAP LOADED
[09:36:37.169] ================================================================================
[09:36:37.169] Requested center: Lat=43.713137, Lon=-113.100101
[09:36:37.169] Zoom level: 14
[09:36:37.170] Map tile (integer): X=3044, Y=5975
[09:36:37.170] Map tile center represents: Lat=43.715535, Lon=-113.104248
[09:36:37.170] Offset from requested: (-0.002397°, 0.004147°)
[09:36:37.170] Distance offset: -0.27 km N/S, 0.46 km E/W
[09:36:37.170] ================================================================================
[09:36:37.172] 
[09:36:37.172] --------------------------------------------------------------------------------
[09:36:37.172] TRANSMITTER MARKER POSITION
[09:36:37.172] --------------------------------------------------------------------------------
[09:36:37.172] TX coordinates: Lat=43.713137, Lon=-113.100101
[09:36:37.172] Marker drawn at pixel: (432.32, 422.64)
[09:36:37.172] Image center: (384, 384)
[09:36:37.172] Offset from center: (48.32, 38.64) pixels
[09:36:37.172] Image size: 768x768
[09:36:37.172] --------------------------------------------------------------------------------
[09:36:37.267] 
[09:36:37.267] ================================================================================
[09:36:37.267] MAP LOADED
[09:36:37.267] ================================================================================
[09:36:37.267] Requested center: Lat=43.713137, Lon=-113.100101
[09:36:37.267] Zoom level: 15
[09:36:37.267] Map tile (integer): X=6089, Y=11951
[09:36:37.267] Map tile center represents: Lat=43.711564, Lon=-113.098755
[09:36:37.267] Offset from requested: (0.001573°, -0.001346°)
[09:36:37.267] Distance offset: 0.17 km N/S, -0.15 km E/W
[09:36:37.267] ================================================================================
[09:36:37.282] 
[09:36:37.282] --------------------------------------------------------------------------------
[09:36:37.282] TRANSMITTER MARKER POSITION
[09:36:37.282] --------------------------------------------------------------------------------
[09:36:37.282] TX coordinates: Lat=43.713137, Lon=-113.100101
[09:36:37.282] Marker drawn at pixel: (352.64, 333.29)
[09:36:37.282] Image center: (384, 384)
[09:36:37.282] Offset from center: (-31.36, -50.71) pixels
[09:36:37.290] Image size: 768x768
[09:36:37.290] --------------------------------------------------------------------------------
[09:36:37.596] 
[09:36:37.597] ================================================================================
[09:36:37.598] MAP LOADED
[09:36:37.598] ================================================================================
[09:36:37.598] Requested center: Lat=43.713137, Lon=-113.100101
[09:36:37.599] Zoom level: 16
[09:36:37.599] Map tile (integer): X=12178, Y=23902
[09:36:37.599] Map tile center represents: Lat=43.713550, Lon=-113.101501
[09:36:37.599] Offset from requested: (-0.000412°, 0.001401°)
[09:36:37.600] Distance offset: -0.05 km N/S, 0.16 km E/W
[09:36:37.600] ================================================================================
[09:36:37.604] 
[09:36:37.604] --------------------------------------------------------------------------------
[09:36:37.604] TRANSMITTER MARKER POSITION
[09:36:37.604] --------------------------------------------------------------------------------
[09:36:37.604] TX coordinates: Lat=43.713137, Lon=-113.100101
[09:36:37.604] Marker drawn at pixel: (449.28, 410.58)
[09:36:37.604] Image center: (384, 384)
[09:36:37.604] Offset from center: (65.28, 26.58) pixels
[09:36:37.604] Image size: 768x768
[09:36:37.604] --------------------------------------------------------------------------------
[09:36:38.908] 
[09:36:38.908] ================================================================================
[09:36:38.908] MAP LOADED
[09:36:38.908] ================================================================================
[09:36:38.910] Requested center: Lat=43.713137, Lon=-113.100101
[09:36:38.910] Zoom level: 15
[09:36:38.910] Map tile (integer): X=6089, Y=11951
[09:36:38.910] Map tile center represents: Lat=43.711564, Lon=-113.098755
[09:36:38.911] Offset from requested: (0.001573°, -0.001346°)
[09:36:38.911] Distance offset: 0.17 km N/S, -0.15 km E/W
[09:36:38.911] ================================================================================
[09:36:38.917] 
[09:36:38.917] --------------------------------------------------------------------------------
[09:36:38.917] TRANSMITTER MARKER POSITION
[09:36:38.917] --------------------------------------------------------------------------------
[09:36:38.917] TX coordinates: Lat=43.713137, Lon=-113.100101
[09:36:38.917] Marker drawn at pixel: (352.64, 333.29)
[09:36:38.917] Image center: (384, 384)
[09:36:38.917] Offset from center: (-31.36, -50.71) pixels
[09:36:38.917] Image size: 768x768
[09:36:38.917] --------------------------------------------------------------------------------
[09:36:39.005] 
[09:36:39.005] ================================================================================
[09:36:39.005] MAP LOADED
[09:36:39.005] ================================================================================
[09:36:39.005] Requested center: Lat=43.713137, Lon=-113.100101
[09:36:39.005] Zoom level: 13
[09:36:39.005] Map tile (integer): X=1522, Y=2987
[09:36:39.005] Map tile center represents: Lat=43.723475, Lon=-113.093262
[09:36:39.005] Offset from requested: (-0.010338°, -0.006839°)
[09:36:39.005] Distance offset: -1.15 km N/S, -0.76 km E/W
[09:36:39.005] ================================================================================
[09:36:39.015] 
[09:36:39.015] --------------------------------------------------------------------------------
[09:36:39.015] TRANSMITTER MARKER POSITION
[09:36:39.015] --------------------------------------------------------------------------------
[09:36:39.015] TX coordinates: Lat=43.713137, Lon=-113.100101
[09:36:39.015] Marker drawn at pixel: (344.16, 467.32)
[09:36:39.015] Image center: (384, 384)
[09:36:39.015] Offset from center: (-39.84, 83.32) pixels
[09:36:39.015] Image size: 768x768
[09:36:39.015] --------------------------------------------------------------------------------
[09:36:39.100] 
[09:36:39.100] ================================================================================
[09:36:39.100] MAP LOADED
[09:36:39.100] ================================================================================
[09:36:39.100] Requested center: Lat=43.713137, Lon=-113.100101
[09:36:39.100] Zoom level: 12
[09:36:39.100] Map tile (integer): X=761, Y=1493
[09:36:39.100] Map tile center represents: Lat=43.739352, Lon=-113.071289
[09:36:39.100] Offset from requested: (-0.026215°, -0.028812°)
[09:36:39.100] Distance offset: -2.91 km N/S, -3.20 km E/W
[09:36:39.100] ================================================================================
[09:36:39.110] 
[09:36:39.110] --------------------------------------------------------------------------------
[09:36:39.110] TRANSMITTER MARKER POSITION
[09:36:39.110] --------------------------------------------------------------------------------
[09:36:39.110] TX coordinates: Lat=43.713137, Lon=-113.100101
[09:36:39.110] Marker drawn at pixel: (300.08, 489.66)
[09:36:39.110] Image center: (384, 384)
[09:36:39.110] Offset from center: (-83.92, 105.66) pixels
[09:36:39.110] Image size: 768x768
[09:36:39.110] --------------------------------------------------------------------------------
[09:36:39.199] 
[09:36:39.199] ================================================================================
[09:36:39.199] MAP LOADED
[09:36:39.199] ================================================================================
[09:36:39.199] Requested center: Lat=43.713137, Lon=-113.100101
[09:36:39.199] Zoom level: 10
[09:36:39.199] Map tile (integer): X=190, Y=373
[09:36:39.199] Map tile center represents: Lat=43.707594, Lon=-113.027344
[09:36:39.199] Offset from requested: (0.005544°, -0.072757°)
[09:36:39.199] Distance offset: 0.62 km N/S, -8.08 km E/W
[09:36:39.199] ================================================================================
[09:36:39.207] 
[09:36:39.207] --------------------------------------------------------------------------------
[09:36:39.207] TRANSMITTER MARKER POSITION
[09:36:39.207] --------------------------------------------------------------------------------
[09:36:39.207] TX coordinates: Lat=43.713137, Lon=-113.100101
[09:36:39.207] Marker drawn at pixel: (331.02, 378.42)
[09:36:39.207] Image center: (384, 384)
[09:36:39.207] Offset from center: (-52.98, -5.58) pixels
[09:36:39.207] Image size: 768x768
[09:36:39.207] --------------------------------------------------------------------------------
[09:36:39.283] 
[09:36:39.283] ================================================================================
[09:36:39.284] MAP LOADED
[09:36:39.284] ================================================================================
[09:36:39.284] Requested center: Lat=43.713137, Lon=-113.100101
[09:36:39.285] Zoom level: 10
[09:36:39.285] Map tile (integer): X=190, Y=373
[09:36:39.285] Map tile center represents: Lat=43.707594, Lon=-113.027344
[09:36:39.285] Offset from requested: (0.005544°, -0.072757°)
[09:36:39.285] Distance offset: 0.62 km N/S, -8.08 km E/W
[09:36:39.286] ================================================================================
[09:36:39.293] 
[09:36:39.293] --------------------------------------------------------------------------------
[09:36:39.293] TRANSMITTER MARKER POSITION
[09:36:39.293] --------------------------------------------------------------------------------
[09:36:39.293] TX coordinates: Lat=43.713137, Lon=-113.100101
[09:36:39.293] Marker drawn at pixel: (331.02, 378.42)
[09:36:39.293] Image center: (384, 384)
[09:36:39.293] Offset from center: (-52.98, -5.58) pixels
[09:36:39.293] Image size: 768x768
[09:36:39.293] --------------------------------------------------------------------------------
[09:36:39.372] 
[09:36:39.372] ================================================================================
[09:36:39.372] MAP LOADED
[09:36:39.372] ================================================================================
[09:36:39.372] Requested center: Lat=43.713137, Lon=-113.100101
[09:36:39.372] Zoom level: 10
[09:36:39.372] Map tile (integer): X=190, Y=373
[09:36:39.372] Map tile center represents: Lat=43.707594, Lon=-113.027344
[09:36:39.372] Offset from requested: (0.005544°, -0.072757°)
[09:36:39.372] Distance offset: 0.62 km N/S, -8.08 km E/W
[09:36:39.372] ================================================================================
[09:36:39.388] 
[09:36:39.388] --------------------------------------------------------------------------------
[09:36:39.388] TRANSMITTER MARKER POSITION
[09:36:39.391] --------------------------------------------------------------------------------
[09:36:39.391] TX coordinates: Lat=43.713137, Lon=-113.100101
[09:36:39.391] Marker drawn at pixel: (331.02, 378.42)
[09:36:39.391] Image center: (384, 384)
[09:36:39.391] Offset from center: (-52.98, -5.58) pixels
[09:36:39.391] Image size: 768x768
[09:36:39.391] --------------------------------------------------------------------------------
[09:38:09.382] 
[09:38:09.382] ################################################################################
[09:38:09.382] SIGNAL PROBE
[09:38:09.382] ################################################################################
[09:38:09.382] Click position: Pixel (619.6, 298.2)
[09:38:09.382] Probe coordinates: Lat=43.792690, Lon=-112.703755
[09:38:09.382] TX coordinates: Lat=43.713137, Lon=-113.100101
[09:38:09.382] Distance from TX: 79.88 km
[09:38:09.382] Azimuth from TX: 74.5°
[09:38:09.382] Coordinate difference: (0.079552°, 0.396346°)
[09:38:09.382] ################################################################################
[09:38:34.682] 
[09:38:34.682] ================================================================================
[09:38:34.682] MAP LOADED
[09:38:34.682] ================================================================================
[09:38:34.682] Requested center: Lat=43.713137, Lon=-113.100101
[09:38:34.683] Zoom level: 11
[09:38:34.684] Map tile (integer): X=380, Y=746
[09:38:34.684] Map tile center represents: Lat=43.771094, Lon=-113.115234
[09:38:34.684] Offset from requested: (-0.057957°, 0.015134°)
[09:38:34.684] Distance offset: -6.43 km N/S, 1.68 km E/W
[09:38:34.684] ================================================================================
[09:38:34.898] 
[09:38:34.898] ================================================================================
[09:38:34.898] MAP LOADED
[09:38:34.898] ================================================================================
[09:38:34.898] Requested center: Lat=43.713137, Lon=-113.100101
[09:38:34.898] Zoom level: 12
[09:38:34.898] Map tile (integer): X=761, Y=1493
[09:38:34.898] Map tile center represents: Lat=43.739352, Lon=-113.071289
[09:38:34.898] Offset from requested: (-0.026215°, -0.028812°)
[09:38:34.914] Distance offset: -2.91 km N/S, -3.20 km E/W
[09:38:34.914] ================================================================================
[09:38:35.138] 
[09:38:35.138] ================================================================================
[09:38:35.138] MAP LOADED
[09:38:35.138] ================================================================================
[09:38:35.138] Requested center: Lat=43.713137, Lon=-113.100101
[09:38:35.138] Zoom level: 13
[09:38:35.138] Map tile (integer): X=1522, Y=2987
[09:38:35.138] Map tile center represents: Lat=43.723475, Lon=-113.093262
[09:38:35.138] Offset from requested: (-0.010338°, -0.006839°)
[09:38:35.138] Distance offset: -1.15 km N/S, -0.76 km E/W
[09:38:35.138] ================================================================================
[09:38:35.809] 
[09:38:35.810] ================================================================================
[09:38:35.810] MAP LOADED
[09:38:35.810] ================================================================================
[09:38:35.811] Requested center: Lat=43.713137, Lon=-113.100101
[09:38:35.811] Zoom level: 14
[09:38:35.811] Map tile (integer): X=3044, Y=5975
[09:38:35.811] Map tile center represents: Lat=43.715535, Lon=-113.104248
[09:38:35.812] Offset from requested: (-0.002397°, 0.004147°)
[09:38:35.812] Distance offset: -0.27 km N/S, 0.46 km E/W
[09:38:35.812] ================================================================================
[09:38:36.040] 
[09:38:36.040] ================================================================================
[09:38:36.040] MAP LOADED
[09:38:36.040] ================================================================================
[09:38:36.040] Requested center: Lat=43.713137, Lon=-113.100101
[09:38:36.040] Zoom level: 15
[09:38:36.040] Map tile (integer): X=6089, Y=11951
[09:38:36.040] Map tile center represents: Lat=43.711564, Lon=-113.098755
[09:38:36.040] Offset from requested: (0.001573°, -0.001346°)
[09:38:36.040] Distance offset: 0.17 km N/S, -0.15 km E/W
[09:38:36.040] ================================================================================
[09:38:36.643] 
[09:38:36.643] ================================================================================
[09:38:36.643] MAP LOADED
[09:38:36.645] ================================================================================
[09:38:36.645] Requested center: Lat=43.713137, Lon=-113.100101
[09:38:36.645] Zoom level: 16
[09:38:36.645] Map tile (integer): X=12178, Y=23902
[09:38:36.646] Map tile center represents: Lat=43.713550, Lon=-113.101501
[09:38:36.646] Offset from requested: (-0.000412°, 0.001401°)
[09:38:36.646] Distance offset: -0.05 km N/S, 0.16 km E/W
[09:38:36.646] ================================================================================
[09:38:46.179] 
[09:38:46.179] ================================================================================
[09:38:46.179] MAP LOADED
[09:38:46.179] ================================================================================
[09:38:46.181] Requested center: Lat=43.713137, Lon=-113.100101
[09:38:46.181] Zoom level: 15
[09:38:46.181] Map tile (integer): X=6089, Y=11951
[09:38:46.181] Map tile center represents: Lat=43.711564, Lon=-113.098755
[09:38:46.181] Offset from requested: (0.001573°, -0.001346°)
[09:38:46.182] Distance offset: 0.17 km N/S, -0.15 km E/W
[09:38:46.182] ================================================================================
[09:38:46.425] 
[09:38:46.425] ================================================================================
[09:38:46.425] MAP LOADED
[09:38:46.425] ================================================================================
[09:38:46.425] Requested center: Lat=43.713137, Lon=-113.100101
[09:38:46.425] Zoom level: 13
[09:38:46.425] Map tile (integer): X=1522, Y=2987
[09:38:46.425] Map tile center represents: Lat=43.723475, Lon=-113.093262
[09:38:46.425] Offset from requested: (-0.010338°, -0.006839°)
[09:38:46.425] Distance offset: -1.15 km N/S, -0.76 km E/W
[09:38:46.425] ================================================================================
[09:38:46.671] 
[09:38:46.671] ================================================================================
[09:38:46.671] MAP LOADED
[09:38:46.671] ================================================================================
[09:38:46.671] Requested center: Lat=43.713137, Lon=-113.100101
[09:38:46.671] Zoom level: 12
[09:38:46.671] Map tile (integer): X=761, Y=1493
[09:38:46.671] Map tile center represents: Lat=43.739352, Lon=-113.071289
[09:38:46.671] Offset from requested: (-0.026215°, -0.028812°)
[09:38:46.671] Distance offset: -2.91 km N/S, -3.20 km E/W
[09:38:46.671] ================================================================================
[09:38:46.926] 
[09:38:46.926] ================================================================================
[09:38:46.926] MAP LOADED
[09:38:46.927] ================================================================================
[09:38:46.927] Requested center: Lat=43.713137, Lon=-113.100101
[09:38:46.927] Zoom level: 12
[09:38:46.927] Map tile (integer): X=761, Y=1493
[09:38:46.928] Map tile center represents: Lat=43.739352, Lon=-113.071289
[09:38:46.928] Offset from requested: (-0.026215°, -0.028812°)
[09:38:46.928] Distance offset: -2.91 km N/S, -3.20 km E/W
[09:38:46.928] ================================================================================
[09:38:47.196] 
[09:38:47.197] ================================================================================
[09:38:47.197] MAP LOADED
[09:38:47.197] ================================================================================
[09:38:47.197] Requested center: Lat=43.713137, Lon=-113.100101
[09:38:47.197] Zoom level: 11
[09:38:47.198] Map tile (integer): X=380, Y=746
[09:38:47.198] Map tile center represents: Lat=43.771094, Lon=-113.115234
[09:38:47.198] Offset from requested: (-0.057957°, 0.015134°)
[09:38:47.198] Distance offset: -6.43 km N/S, 1.68 km E/W
[09:38:47.198] ================================================================================
[09:38:47.411] 
[09:38:47.411] ================================================================================
[09:38:47.411] MAP LOADED
[09:38:47.411] ================================================================================
[09:38:47.411] Requested center: Lat=43.713137, Lon=-113.100101
[09:38:47.411] Zoom level: 10
[09:38:47.411] Map tile (integer): X=190, Y=373
[09:38:47.411] Map tile center represents: Lat=43.707594, Lon=-113.027344
[09:38:47.411] Offset from requested: (0.005544°, -0.072757°)
[09:38:47.411] Distance offset: 0.62 km N/S, -8.08 km E/W
[09:38:47.411] ================================================================================
[09:42:44.533] 
[09:42:44.533] ================================================================================
[09:42:44.533] MAP LOADED
[09:42:44.533] ================================================================================
[09:42:44.533] Requested center: Lat=43.713137, Lon=-113.100101
[09:42:44.534] Zoom level: 11
[09:42:44.534] Map tile (integer): X=380, Y=746
[09:42:44.534] Map tile center represents: Lat=43.771094, Lon=-113.115234
[09:42:44.534] Offset from requested: (-0.057957°, 0.015134°)
[09:42:44.535] Distance offset: -6.43 km N/S, 1.68 km E/W
[09:42:44.535] ================================================================================
[09:42:44.768] 
[09:42:44.768] ================================================================================
[09:42:44.768] MAP LOADED
[09:42:44.768] ================================================================================
[09:42:44.768] Requested center: Lat=43.713137, Lon=-113.100101
[09:42:44.768] Zoom level: 12
[09:42:44.768] Map tile (integer): X=761, Y=1493
[09:42:44.768] Map tile center represents: Lat=43.739352, Lon=-113.071289
[09:42:44.768] Offset from requested: (-0.026215°, -0.028812°)
[09:42:44.768] Distance offset: -2.91 km N/S, -3.20 km E/W
[09:42:44.768] ================================================================================
[09:42:45.700] 
[09:42:45.700] ================================================================================
[09:42:45.701] MAP LOADED
[09:42:45.701] ================================================================================
[09:42:45.701] Requested center: Lat=43.713137, Lon=-113.100101
[09:42:45.701] Zoom level: 13
[09:42:45.702] Map tile (integer): X=1522, Y=2987
[09:42:45.702] Map tile center represents: Lat=43.723475, Lon=-113.093262
[09:42:45.702] Offset from requested: (-0.010338°, -0.006839°)
[09:42:45.702] Distance offset: -1.15 km N/S, -0.76 km E/W
[09:42:45.703] ================================================================================
[09:42:45.931] 
[09:42:45.931] ================================================================================
[09:42:45.931] MAP LOADED
[09:42:45.931] ================================================================================
[09:42:45.931] Requested center: Lat=43.713137, Lon=-113.100101
[09:42:45.931] Zoom level: 14
[09:42:45.931] Map tile (integer): X=3044, Y=5975
[09:42:45.931] Map tile center represents: Lat=43.715535, Lon=-113.104248
[09:42:45.931] Offset from requested: (-0.002397°, 0.004147°)
[09:42:45.931] Distance offset: -0.27 km N/S, 0.46 km E/W
[09:42:45.931] ================================================================================
[09:42:46.895] 
[09:42:46.895] ================================================================================
[09:42:46.896] MAP LOADED
[09:42:46.896] ================================================================================
[09:42:46.896] Requested center: Lat=43.713137, Lon=-113.100101
[09:42:46.898] Zoom level: 15
[09:42:46.898] Map tile (integer): X=6089, Y=11951
[09:42:46.898] Map tile center represents: Lat=43.711564, Lon=-113.098755
[09:42:46.899] Offset from requested: (0.001573°, -0.001346°)
[09:42:46.899] Distance offset: 0.17 km N/S, -0.15 km E/W
[09:42:46.899] ================================================================================
[09:42:50.963] 
[09:42:50.963] ================================================================================
[09:42:50.963] MAP LOADED
[09:42:50.963] ================================================================================
[09:42:50.963] Requested center: Lat=43.713137, Lon=-113.100101
[09:42:50.965] Zoom level: 14
[09:42:50.965] Map tile (integer): X=3044, Y=5975
[09:42:50.965] Map tile center represents: Lat=43.715535, Lon=-113.104248
[09:42:50.965] Offset from requested: (-0.002397°, 0.004147°)
[09:42:50.965] Distance offset: -0.27 km N/S, 0.46 km E/W
[09:42:50.966] ================================================================================
[09:42:51.193] 
[09:42:51.193] ================================================================================
[09:42:51.193] MAP LOADED
[09:42:51.193] ================================================================================
[09:42:51.193] Requested center: Lat=43.713137, Lon=-113.100101
[09:42:51.193] Zoom level: 13
[09:42:51.193] Map tile (integer): X=1522, Y=2987
[09:42:51.193] Map tile center represents: Lat=43.723475, Lon=-113.093262
[09:42:51.193] Offset from requested: (-0.010338°, -0.006839°)
[09:42:51.193] Distance offset: -1.15 km N/S, -0.76 km E/W
[09:42:51.193] ================================================================================
[09:42:51.399] 
[09:42:51.399] ================================================================================
[09:42:51.399] MAP LOADED
[09:42:51.399] ================================================================================
[09:42:51.399] Requested center: Lat=43.713137, Lon=-113.100101
[09:42:51.399] Zoom level: 12
[09:42:51.399] Map tile (integer): X=761, Y=1493
[09:42:51.399] Map tile center represents: Lat=43.739352, Lon=-113.071289
[09:42:51.399] Offset from requested: (-0.026215°, -0.028812°)
[09:42:51.399] Distance offset: -2.91 km N/S, -3.20 km E/W
[09:42:51.399] ================================================================================
[09:42:52.071] 
[09:42:52.071] ================================================================================
[09:42:52.072] MAP LOADED
[09:42:52.072] ================================================================================
[09:42:52.072] Requested center: Lat=43.713137, Lon=-113.100101
[09:42:52.072] Zoom level: 11
[09:42:52.073] Map tile (integer): X=380, Y=746
[09:42:52.073] Map tile center represents: Lat=43.771094, Lon=-113.115234
[09:42:52.073] Offset from requested: (-0.057957°, 0.015134°)
[09:42:52.073] Distance offset: -6.43 km N/S, 1.68 km E/W
[09:42:52.074] ================================================================================
[09:42:52.318] 
[09:42:52.318] ================================================================================
[09:42:52.318] MAP LOADED
[09:42:52.318] ================================================================================
[09:42:52.318] Requested center: Lat=43.713137, Lon=-113.100101
[09:42:52.318] Zoom level: 10
[09:42:52.318] Map tile (integer): X=190, Y=373
[09:42:52.318] Map tile center represents: Lat=43.707594, Lon=-113.027344
[09:42:52.318] Offset from requested: (0.005544°, -0.072757°)
[09:42:52.318] Distance offset: 0.62 km N/S, -8.08 km E/W
[09:42:52.318] ================================================================================
[09:43:15.066] 
[09:43:15.067] ================================================================================
[09:43:15.067] MAP LOADED
[09:43:15.067] ================================================================================
[09:43:15.067] Requested center: Lat=43.713137, Lon=-113.100101
[09:43:15.068] Zoom level: 11
[09:43:15.068] Map tile (integer): X=380, Y=746
[09:43:15.068] Map tile center represents: Lat=43.771094, Lon=-113.115234
[09:43:15.068] Offset from requested: (-0.057957°, 0.015134°)
[09:43:15.068] Distance offset: -6.43 km N/S, 1.68 km E/W
[09:43:15.069] ================================================================================
[09:43:16.212] 
[09:43:16.212] ================================================================================
[09:43:16.212] MAP LOADED
[09:43:16.212] ================================================================================
[09:43:16.212] Requested center: Lat=43.713137, Lon=-113.100101
[09:43:16.213] Zoom level: 12
[09:43:16.213] Map tile (integer): X=761, Y=1493
[09:43:16.213] Map tile center represents: Lat=43.739352, Lon=-113.071289
[09:43:16.213] Offset from requested: (-0.026215°, -0.028812°)
[09:43:16.214] Distance offset: -2.91 km N/S, -3.20 km E/W
[09:43:16.214] ================================================================================
[09:43:17.060] 
[09:43:17.060] ================================================================================
[09:43:17.061] MAP LOADED
[09:43:17.061] ================================================================================
[09:43:17.062] Requested center: Lat=43.713137, Lon=-113.100101
[09:43:17.062] Zoom level: 13
[09:43:17.062] Map tile (integer): X=1522, Y=2987
[09:43:17.062] Map tile center represents: Lat=43.723475, Lon=-113.093262
[09:43:17.063] Offset from requested: (-0.010338°, -0.006839°)
[09:43:17.063] Distance offset: -1.15 km N/S, -0.76 km E/W
[09:43:17.063] ================================================================================
[09:43:18.726] 
[09:43:18.726] ================================================================================
[09:43:18.727] MAP LOADED
[09:43:18.727] ================================================================================
[09:43:18.727] Requested center: Lat=43.713137, Lon=-113.100101
[09:43:18.728] Zoom level: 12
[09:43:18.728] Map tile (integer): X=761, Y=1493
[09:43:18.728] Map tile center represents: Lat=43.739352, Lon=-113.071289
[09:43:18.728] Offset from requested: (-0.026215°, -0.028812°)
[09:43:18.728] Distance offset: -2.91 km N/S, -3.20 km E/W
[09:43:18.728] ================================================================================
[09:43:19.566] 
[09:43:19.566] ================================================================================
[09:43:19.567] MAP LOADED
[09:43:19.567] ================================================================================
[09:43:19.567] Requested center: Lat=43.713137, Lon=-113.100101
[09:43:19.568] Zoom level: 11
[09:43:19.568] Map tile (integer): X=380, Y=746
[09:43:19.568] Map tile center represents: Lat=43.771094, Lon=-113.115234
[09:43:19.568] Offset from requested: (-0.057957°, 0.015134°)
[09:43:19.569] Distance offset: -6.43 km N/S, 1.68 km E/W
[09:43:19.570] ================================================================================
[09:46:07.497] 
[09:46:07.497] ================================================================================
[09:46:07.498] MAP LOADED
[09:46:07.498] ================================================================================
[09:46:07.498] Requested center: Lat=43.713137, Lon=-113.100101
[09:46:07.499] Zoom level: 12
[09:46:07.499] Map tile (integer): X=761, Y=1493
[09:46:07.499] Map tile center represents: Lat=43.739352, Lon=-113.071289
[09:46:07.499] Offset from requested: (-0.026215°, -0.028812°)
[09:46:07.499] Distance offset: -2.91 km N/S, -3.20 km E/W
[09:46:07.500] ================================================================================
[09:46:09.007] 
[09:46:09.008] ================================================================================
[09:46:09.008] MAP LOADED
[09:46:09.008] ================================================================================
[09:46:09.008] Requested center: Lat=43.713137, Lon=-113.100101
[09:46:09.009] Zoom level: 13
[09:46:09.009] Map tile (integer): X=1522, Y=2987
[09:46:09.009] Map tile center represents: Lat=43.723475, Lon=-113.093262
[09:46:09.009] Offset from requested: (-0.010338°, -0.006839°)
[09:46:09.009] Distance offset: -1.15 km N/S, -0.76 km E/W
[09:46:09.010] ================================================================================
[09:46:12.109] 
[09:46:12.110] ================================================================================
[09:46:12.110] MAP LOADED
[09:46:12.111] ================================================================================
[09:46:12.111] Requested center: Lat=43.713137, Lon=-113.100101
[09:46:12.111] Zoom level: 12
[09:46:12.111] Map tile (integer): X=761, Y=1493
[09:46:12.112] Map tile center represents: Lat=43.739352, Lon=-113.071289
[09:46:12.112] Offset from requested: (-0.026215°, -0.028812°)
[09:46:12.112] Distance offset: -2.91 km N/S, -3.20 km E/W
[09:46:12.112] ================================================================================
[09:46:12.816] 
[09:46:12.816] ================================================================================
[09:46:12.816] MAP LOADED
[09:46:12.816] ================================================================================
[09:46:12.817] Requested center: Lat=43.713137, Lon=-113.100101
[09:46:12.817] Zoom level: 11
[09:46:12.817] Map tile (integer): X=380, Y=746
[09:46:12.818] Map tile center represents: Lat=43.771094, Lon=-113.115234
[09:46:12.818] Offset from requested: (-0.057957°, 0.015134°)
[09:46:12.818] Distance offset: -6.43 km N/S, 1.68 km E/W
[09:46:12.818] ================================================================================
