[09:49:43.494] ================================================================================
[09:49:43.494] VetRender Coordinate Debug Log
[09:49:43.494] Started: 2026-01-12 09:49:43.494665
[09:49:43.494] ================================================================================
[09:49:43.494] VetRender application started
[09:49:43.620] 
[09:49:43.620] ================================================================================
[09:49:43.620] MAP LOADED
[09:49:43.620] ================================================================================
[09:49:43.620] Requested center: Lat=43.713137, Lon=-113.100101
[09:49:43.620] Zoom level: 11
[09:49:43.620] Map tile (integer): X=380, Y=746
[09:49:43.620] Map tile center represents: Lat=43.771094, Lon=-113.115234
[09:49:43.620] Offset from requested: (-0.057957°, 0.015134°)
[09:49:43.620] Distance offset: -6.43 km N/S, 1.68 km E/W
[09:49:43.620] ================================================================================
[09:49:43.636] 
[09:49:43.636] --------------------------------------------------------------------------------
[09:49:43.636] TRANSMITTER MARKER POSITION
[09:49:43.636] --------------------------------------------------------------------------------
[09:49:43.636] TX coordinates: Lat=43.713137, Lon=-113.100101
[09:49:43.636] Marker drawn at pixel: (406.04, 500.83)
[09:49:43.636] Image center: (384, 384)
[09:49:43.636] Offset from center: (22.04, 116.83) pixels
[09:49:43.636] Image size: 768x768
[09:49:43.636] --------------------------------------------------------------------------------
[09:49:48.341] 
[09:49:48.341] ================================================================================
[09:49:48.341] MAP LOADED
[09:49:48.341] ================================================================================
[09:49:48.341] Requested center: Lat=43.713137, Lon=-113.100101
[09:49:48.341] Zoom level: 10
[09:49:48.341] Map tile (integer): X=190, Y=373
[09:49:48.341] Map tile center represents: Lat=43.707594, Lon=-113.027344
[09:49:48.341] Offset from requested: (0.005544°, -0.072757°)
[09:49:48.341] Distance offset: 0.62 km N/S, -8.08 km E/W
[09:49:48.341] ================================================================================
[09:49:48.341] 
[09:49:48.341] --------------------------------------------------------------------------------
[09:49:48.341] TRANSMITTER MARKER POSITION
[09:49:48.341] --------------------------------------------------------------------------------
[09:49:48.341] TX coordinates: Lat=43.713137, Lon=-113.100101
[09:49:48.341] Marker drawn at pixel: (331.02, 378.42)
[09:49:48.341] Image center: (384, 384)
[09:49:48.341] Offset from center: (-52.98, -5.58) pixels
[09:49:48.341] Image size: 768x768
[09:49:48.341] --------------------------------------------------------------------------------
[09:49:50.085] 
[09:49:50.087] ================================================================================
[09:49:50.087] MAP LOADED
[09:49:50.087] ================================================================================
[09:49:50.087] Requested center: Lat=43.713137, Lon=-113.100101
[09:49:50.087] Zoom level: 11
[09:49:50.089] Map tile (integer): X=380, Y=746
[09:49:50.089] Map tile center represents: Lat=43.771094, Lon=-113.115234
[09:49:50.089] Offset from requested: (-0.057957°, 0.015134°)
[09:49:50.089] Distance offset: -6.43 km N/S, 1.68 km E/W
[09:49:50.089] ================================================================================
[09:49:50.097] 
[09:49:50.097] --------------------------------------------------------------------------------
[09:49:50.097] TRANSMITTER MARKER POSITION
[09:49:50.097] --------------------------------------------------------------------------------
[09:49:50.097] TX coordinates: Lat=43.713137, Lon=-113.100101
[09:49:50.097] Marker drawn at pixel: (406.04, 500.83)
[09:49:50.097] Image center: (384, 384)
[09:49:50.097] Offset from center: (22.04, 116.83) pixels
[09:49:50.097] Image size: 768x768
[09:49:50.097] --------------------------------------------------------------------------------
[09:49:50.169] 
[09:49:50.185] ================================================================================
[09:49:50.185] MAP LOADED
[09:49:50.185] ================================================================================
[09:49:50.185] Requested center: Lat=43.713137, Lon=-113.100101
[09:49:50.185] Zoom level: 12
[09:49:50.185] Map tile (integer): X=761, Y=1493
[09:49:50.185] Map tile center represents: Lat=43.739352, Lon=-113.071289
[09:49:50.185] Offset from requested: (-0.026215°, -0.028812°)
[09:49:50.185] Distance offset: -2.91 km N/S, -3.20 km E/W
[09:49:50.185] ================================================================================
[09:49:50.185] 
[09:49:50.185] --------------------------------------------------------------------------------
[09:49:50.185] TRANSMITTER MARKER POSITION
[09:49:50.185] --------------------------------------------------------------------------------
[09:49:50.185] TX coordinates: Lat=43.713137, Lon=-113.100101
[09:49:50.185] Marker drawn at pixel: (300.08, 489.66)
[09:49:50.185] Image center: (384, 384)
[09:49:50.185] Offset from center: (-83.92, 105.66) pixels
[09:49:50.185] Image size: 768x768
[09:49:50.185] --------------------------------------------------------------------------------
[09:49:50.233] 
[09:49:50.233] ================================================================================
[09:49:50.233] MAP LOADED
[09:49:50.233] ================================================================================
[09:49:50.233] Requested center: Lat=43.713137, Lon=-113.100101
[09:49:50.233] Zoom level: 13
[09:49:50.233] Map tile (integer): X=1522, Y=2987
[09:49:50.233] Map tile center represents: Lat=43.723475, Lon=-113.093262
[09:49:50.233] Offset from requested: (-0.010338°, -0.006839°)
[09:49:50.233] Distance offset: -1.15 km N/S, -0.76 km E/W
[09:49:50.233] ================================================================================
[09:49:50.249] 
[09:49:50.249] --------------------------------------------------------------------------------
[09:49:50.249] TRANSMITTER MARKER POSITION
[09:49:50.249] --------------------------------------------------------------------------------
[09:49:50.249] TX coordinates: Lat=43.713137, Lon=-113.100101
[09:49:50.249] Marker drawn at pixel: (344.16, 467.32)
[09:49:50.249] Image center: (384, 384)
[09:49:50.249] Offset from center: (-39.84, 83.32) pixels
[09:49:50.249] Image size: 768x768
[09:49:50.249] --------------------------------------------------------------------------------
[09:49:50.297] 
[09:49:50.312] ================================================================================
[09:49:50.312] MAP LOADED
[09:49:50.312] ================================================================================
[09:49:50.312] Requested center: Lat=43.713137, Lon=-113.100101
[09:49:50.312] Zoom level: 14
[09:49:50.312] Map tile (integer): X=3044, Y=5975
[09:49:50.312] Map tile center represents: Lat=43.715535, Lon=-113.104248
[09:49:50.312] Offset from requested: (-0.002397°, 0.004147°)
[09:49:50.312] Distance offset: -0.27 km N/S, 0.46 km E/W
[09:49:50.312] ================================================================================
[09:49:50.312] 
[09:49:50.312] --------------------------------------------------------------------------------
[09:49:50.312] TRANSMITTER MARKER POSITION
[09:49:50.312] --------------------------------------------------------------------------------
[09:49:50.312] TX coordinates: Lat=43.713137, Lon=-113.100101
[09:49:50.312] Marker drawn at pixel: (432.32, 422.64)
[09:49:50.312] Image center: (384, 384)
[09:49:50.312] Offset from center: (48.32, 38.64) pixels
[09:49:50.312] Image size: 768x768
[09:49:50.312] --------------------------------------------------------------------------------
[09:49:50.851] 
[09:49:50.867] ================================================================================
[09:49:50.867] MAP LOADED
[09:49:50.867] ================================================================================
[09:49:50.867] Requested center: Lat=43.713137, Lon=-113.100101
[09:49:50.867] Zoom level: 15
[09:49:50.867] Map tile (integer): X=6089, Y=11951
[09:49:50.867] Map tile center represents: Lat=43.711564, Lon=-113.098755
[09:49:50.867] Offset from requested: (0.001573°, -0.001346°)
[09:49:50.867] Distance offset: 0.17 km N/S, -0.15 km E/W
[09:49:50.867] ================================================================================
[09:49:50.867] 
[09:49:50.867] --------------------------------------------------------------------------------
[09:49:50.867] TRANSMITTER MARKER POSITION
[09:49:50.867] --------------------------------------------------------------------------------
[09:49:50.867] TX coordinates: Lat=43.713137, Lon=-113.100101
[09:49:50.867] Marker drawn at pixel: (352.64, 333.29)
[09:49:50.867] Image center: (384, 384)
[09:49:50.867] Offset from center: (-31.36, -50.71) pixels
[09:49:50.867] Image size: 768x768
[09:49:50.867] --------------------------------------------------------------------------------
[09:49:50.914] 
[09:49:50.914] ================================================================================
[09:49:50.914] MAP LOADED
[09:49:50.914] ================================================================================
[09:49:50.914] Requested center: Lat=43.713137, Lon=-113.100101
[09:49:50.914] Zoom level: 16
[09:49:50.914] Map tile (integer): X=12178, Y=23902
[09:49:50.914] Map tile center represents: Lat=43.713550, Lon=-113.101501
[09:49:50.914] Offset from requested: (-0.000412°, 0.001401°)
[09:49:50.914] Distance offset: -0.05 km N/S, 0.16 km E/W
[09:49:50.914] ================================================================================
[09:49:50.930] 
[09:49:50.930] --------------------------------------------------------------------------------
[09:49:50.930] TRANSMITTER MARKER POSITION
[09:49:50.930] --------------------------------------------------------------------------------
[09:49:50.930] TX coordinates: Lat=43.713137, Lon=-113.100101
[09:49:50.930] Marker drawn at pixel: (449.28, 410.58)
[09:49:50.930] Image center: (384, 384)
[09:49:50.930] Offset from center: (65.28, 26.58) pixels
[09:49:50.930] Image size: 768x768
[09:49:50.930] --------------------------------------------------------------------------------
[09:49:52.845] 
[09:49:52.845] ================================================================================
[09:49:52.845] MAP LOADED
[09:49:52.845] ================================================================================
[09:49:52.845] Requested center: Lat=43.713137, Lon=-113.100101
[09:49:52.845] Zoom level: 15
[09:49:52.845] Map tile (integer): X=6089, Y=11951
[09:49:52.845] Map tile center represents: Lat=43.711564, Lon=-113.098755
[09:49:52.845] Offset from requested: (0.001573°, -0.001346°)
[09:49:52.845] Distance offset: 0.17 km N/S, -0.15 km E/W
[09:49:52.845] ================================================================================
[09:49:52.853] 
[09:49:52.853] --------------------------------------------------------------------------------
[09:49:52.853] TRANSMITTER MARKER POSITION
[09:49:52.853] --------------------------------------------------------------------------------
[09:49:52.853] TX coordinates: Lat=43.713137, Lon=-113.100101
[09:49:52.853] Marker drawn at pixel: (352.64, 333.29)
[09:49:52.853] Image center: (384, 384)
[09:49:52.853] Offset from center: (-31.36, -50.71) pixels
[09:49:52.853] Image size: 768x768
[09:49:52.853] --------------------------------------------------------------------------------
[09:49:52.899] 
[09:49:52.899] ================================================================================
[09:49:52.899] MAP LOADED
[09:49:52.899] ================================================================================
[09:49:52.899] Requested center: Lat=43.713137, Lon=-113.100101
[09:49:52.899] Zoom level: 14
[09:49:52.899] Map tile (integer): X=3044, Y=5975
[09:49:52.899] Map tile center represents: Lat=43.715535, Lon=-113.104248
[09:49:52.899] Offset from requested: (-0.002397°, 0.004147°)
[09:49:52.899] Distance offset: -0.27 km N/S, 0.46 km E/W
[09:49:52.899] ================================================================================
[09:49:52.915] 
[09:49:52.915] --------------------------------------------------------------------------------
[09:49:52.915] TRANSMITTER MARKER POSITION
[09:49:52.915] --------------------------------------------------------------------------------
[09:49:52.915] TX coordinates: Lat=43.713137, Lon=-113.100101
[09:49:52.915] Marker drawn at pixel: (432.32, 422.64)
[09:49:52.915] Image center: (384, 384)
[09:49:52.915] Offset from center: (48.32, 38.64) pixels
[09:49:52.915] Image size: 768x768
[09:49:52.915] --------------------------------------------------------------------------------
[09:49:52.963] 
[09:49:52.963] ================================================================================
[09:49:52.963] MAP LOADED
[09:49:52.963] ================================================================================
[09:49:52.963] Requested center: Lat=43.713137, Lon=-113.100101
[09:49:52.963] Zoom level: 13
[09:49:52.963] Map tile (integer): X=1522, Y=2987
[09:49:52.963] Map tile center represents: Lat=43.723475, Lon=-113.093262
[09:49:52.963] Offset from requested: (-0.010338°, -0.006839°)
[09:49:52.963] Distance offset: -1.15 km N/S, -0.76 km E/W
[09:49:52.963] ================================================================================
[09:49:52.963] 
[09:49:52.963] --------------------------------------------------------------------------------
[09:49:52.963] TRANSMITTER MARKER POSITION
[09:49:52.963] --------------------------------------------------------------------------------
[09:49:52.963] TX coordinates: Lat=43.713137, Lon=-113.100101
[09:49:52.963] Marker drawn at pixel: (344.16, 467.32)
[09:49:52.963] Image center: (384, 384)
[09:49:52.963] Offset from center: (-39.84, 83.32) pixels
[09:49:52.963] Image size: 768x768
[09:49:52.963] --------------------------------------------------------------------------------
[09:49:53.026] 
[09:49:53.026] ================================================================================
[09:49:53.026] MAP LOADED
[09:49:53.026] ================================================================================
[09:49:53.026] Requested center: Lat=43.713137, Lon=-113.100101
[09:49:53.026] Zoom level: 12
[09:49:53.026] Map tile (integer): X=761, Y=1493
[09:49:53.026] Map tile center represents: Lat=43.739352, Lon=-113.071289
[09:49:53.026] Offset from requested: (-0.026215°, -0.028812°)
[09:49:53.026] Distance offset: -2.91 km N/S, -3.20 km E/W
[09:49:53.026] ================================================================================
[09:49:53.026] 
[09:49:53.026] --------------------------------------------------------------------------------
[09:49:53.026] TRANSMITTER MARKER POSITION
[09:49:53.026] --------------------------------------------------------------------------------
[09:49:53.026] TX coordinates: Lat=43.713137, Lon=-113.100101
[09:49:53.026] Marker drawn at pixel: (300.08, 489.66)
[09:49:53.026] Image center: (384, 384)
[09:49:53.026] Offset from center: (-83.92, 105.66) pixels
[09:49:53.026] Image size: 768x768
[09:49:53.026] --------------------------------------------------------------------------------
[09:49:53.073] 
[09:49:53.073] ================================================================================
[09:49:53.073] MAP LOADED
[09:49:53.073] ================================================================================
[09:49:53.073] Requested center: Lat=43.713137, Lon=-113.100101
[09:49:53.089] Zoom level: 10
[09:49:53.089] Map tile (integer): X=190, Y=373
[09:49:53.089] Map tile center represents: Lat=43.707594, Lon=-113.027344
[09:49:53.089] Offset from requested: (0.005544°, -0.072757°)
[09:49:53.089] Distance offset: 0.62 km N/S, -8.08 km E/W
[09:49:53.089] ================================================================================
[09:49:53.089] 
[09:49:53.089] --------------------------------------------------------------------------------
[09:49:53.089] TRANSMITTER MARKER POSITION
[09:49:53.089] --------------------------------------------------------------------------------
[09:49:53.089] TX coordinates: Lat=43.713137, Lon=-113.100101
[09:49:53.089] Marker drawn at pixel: (331.02, 378.42)
[09:49:53.089] Image center: (384, 384)
[09:49:53.089] Offset from center: (-52.98, -5.58) pixels
[09:49:53.100] Image size: 768x768
[09:49:53.100] --------------------------------------------------------------------------------
[09:49:53.121] 
[09:49:53.121] ================================================================================
[09:49:53.121] MAP LOADED
[09:49:53.121] ================================================================================
[09:49:53.121] Requested center: Lat=43.713137, Lon=-113.100101
[09:49:53.121] Zoom level: 10
[09:49:53.137] Map tile (integer): X=190, Y=373
[09:49:53.137] Map tile center represents: Lat=43.707594, Lon=-113.027344
[09:49:53.137] Offset from requested: (0.005544°, -0.072757°)
[09:49:53.137] Distance offset: 0.62 km N/S, -8.08 km E/W
[09:49:53.137] ================================================================================
[09:49:53.137] 
[09:49:53.137] --------------------------------------------------------------------------------
[09:49:53.137] TRANSMITTER MARKER POSITION
[09:49:53.137] --------------------------------------------------------------------------------
[09:49:53.137] TX coordinates: Lat=43.713137, Lon=-113.100101
[09:49:53.137] Marker drawn at pixel: (331.02, 378.42)
[09:49:53.137] Image center: (384, 384)
[09:49:53.137] Offset from center: (-52.98, -5.58) pixels
[09:49:53.137] Image size: 768x768
[09:49:53.137] --------------------------------------------------------------------------------
[09:51:24.594] 
[09:51:24.594] ================================================================================
[09:51:24.594] MAP LOADED
[09:51:24.595] ================================================================================
[09:51:24.595] Requested center: Lat=43.713137, Lon=-113.100101
[09:51:24.595] Zoom level: 11
[09:51:24.595] Map tile (integer): X=380, Y=746
[09:51:24.595] Map tile center represents: Lat=43.771094, Lon=-113.115234
[09:51:24.597] Offset from requested: (-0.057957°, 0.015134°)
[09:51:24.597] Distance offset: -6.43 km N/S, 1.68 km E/W
[09:51:24.597] ================================================================================
[09:51:24.860] 
[09:51:24.860] ================================================================================
[09:51:24.860] MAP LOADED
[09:51:24.860] ================================================================================
[09:51:24.860] Requested center: Lat=43.713137, Lon=-113.100101
[09:51:24.860] Zoom level: 13
[09:51:24.860] Map tile (integer): X=1522, Y=2987
[09:51:24.860] Map tile center represents: Lat=43.723475, Lon=-113.093262
[09:51:24.860] Offset from requested: (-0.010338°, -0.006839°)
[09:51:24.860] Distance offset: -1.15 km N/S, -0.76 km E/W
[09:51:24.860] ================================================================================
[09:51:25.098] 
[09:51:25.098] ================================================================================
[09:51:25.099] MAP LOADED
[09:51:25.099] ================================================================================
[09:51:25.099] Requested center: Lat=43.713137, Lon=-113.100101
[09:51:25.100] Zoom level: 13
[09:51:25.100] Map tile (integer): X=1522, Y=2987
[09:51:25.100] Map tile center represents: Lat=43.723475, Lon=-113.093262
[09:51:25.100] Offset from requested: (-0.010338°, -0.006839°)
[09:51:25.100] Distance offset: -1.15 km N/S, -0.76 km E/W
[09:51:25.102] ================================================================================
[09:51:31.969] 
[09:51:31.969] ================================================================================
[09:51:31.969] MAP LOADED
[09:51:31.970] ================================================================================
[09:51:31.970] Requested center: Lat=43.713137, Lon=-113.100101
[09:51:31.970] Zoom level: 12
[09:51:31.970] Map tile (integer): X=761, Y=1493
[09:51:31.971] Map tile center represents: Lat=43.739352, Lon=-113.071289
[09:51:31.971] Offset from requested: (-0.026215°, -0.028812°)
[09:51:31.971] Distance offset: -2.91 km N/S, -3.20 km E/W
[09:51:31.971] ================================================================================
[09:51:32.206] 
[09:51:32.206] ================================================================================
[09:51:32.206] MAP LOADED
[09:51:32.206] ================================================================================
[09:51:32.206] Requested center: Lat=43.713137, Lon=-113.100101
[09:51:32.206] Zoom level: 11
[09:51:32.206] Map tile (integer): X=380, Y=746
[09:51:32.206] Map tile center represents: Lat=43.771094, Lon=-113.115234
[09:51:32.206] Offset from requested: (-0.057957°, 0.015134°)
[09:51:32.206] Distance offset: -6.43 km N/S, 1.68 km E/W
[09:51:32.206] ================================================================================
[09:51:32.444] 
[09:51:32.444] ================================================================================
[09:51:32.444] MAP LOADED
[09:51:32.444] ================================================================================
[09:51:32.444] Requested center: Lat=43.713137, Lon=-113.100101
[09:51:32.444] Zoom level: 10
[09:51:32.444] Map tile (integer): X=190, Y=373
[09:51:32.444] Map tile center represents: Lat=43.707594, Lon=-113.027344
[09:51:32.444] Offset from requested: (0.005544°, -0.072757°)
[09:51:32.444] Distance offset: 0.62 km N/S, -8.08 km E/W
[09:51:32.444] ================================================================================
[09:51:46.912] 
[09:51:46.912] ################################################################################
[09:51:46.912] SIGNAL PROBE
[09:51:46.912] ################################################################################
[09:51:46.912] Click position: Pixel (390.5, 697.2)
[09:51:46.912] Probe coordinates: Lat=43.395880, Lon=-113.018453
[09:51:46.912] TX coordinates: Lat=43.713137, Lon=-113.100101
[09:51:46.912] Distance from TX: 86.47 km
[09:51:46.912] Azimuth from TX: 169.4°
[09:51:46.912] Coordinate difference: (-0.317257°, 0.081648°)
[09:51:46.912] ################################################################################
[09:51:57.597] 
[09:51:57.597] ################################################################################
[09:51:57.597] SIGNAL PROBE
[09:51:57.597] ################################################################################
[09:51:57.597] Click position: Pixel (393.4, 712.7)
[09:51:57.597] Probe coordinates: Lat=43.380367, Lon=-113.014500
[09:51:57.597] TX coordinates: Lat=43.713137, Lon=-113.100101
[09:51:57.597] Distance from TX: 90.69 km
[09:51:57.597] Azimuth from TX: 169.4°
[09:51:57.597] Coordinate difference: (-0.332770°, 0.085601°)
[09:51:57.597] ################################################################################
