[08:34:31.428] ================================================================================
[08:34:31.428] VetRender Coordinate Debug Log
[08:34:31.428] Started: 2026-01-12 08:34:31.428893
[08:34:31.429] ================================================================================
[08:34:31.429] VetRender application started
[08:34:31.575] 
[08:34:31.575] ================================================================================
[08:34:31.577] MAP LOADED
[08:34:31.577] ================================================================================
[08:34:31.577] Requested center: Lat=43.466500, Lon=-112.034000
[08:34:31.577] Zoom level: 13
[08:34:31.578] Map tile (integer): X=1546, Y=2995
[08:34:31.578] Map tile center represents: Lat=43.484812, Lon=-112.060547
[08:34:31.578] Offset from requested: (-0.018312°, 0.026547°)
[08:34:31.578] Distance offset: -2.03 km N/S, 2.95 km E/W
[08:34:31.578] ================================================================================
[08:34:31.584] 
[08:34:31.584] --------------------------------------------------------------------------------
[08:34:31.584] TRANSMITTER MARKER POSITION
[08:34:31.585] --------------------------------------------------------------------------------
[08:34:31.585] TX coordinates: Lat=43.466500, Lon=-112.034000
[08:34:31.585] Marker drawn at pixel: (538.65, 531.00)
[08:34:31.585] Image center: (384, 384)
[08:34:31.585] Offset from center: (154.65, 147.00) pixels
[08:34:31.586] Image size: 768x768
[08:34:31.586] --------------------------------------------------------------------------------
[08:38:15.849] 
[08:38:15.849] ================================================================================
[08:38:15.849] MAP LOADED
[08:38:15.850] ================================================================================
[08:38:15.850] Requested center: Lat=43.713500, Lon=-113.100000
[08:38:15.850] Zoom level: 16
[08:38:15.850] Map tile (integer): X=12178, Y=23902
[08:38:15.850] Map tile center represents: Lat=43.715535, Lon=-113.104248
[08:38:15.851] Offset from requested: (-0.002035°, 0.004248°)
[08:38:15.851] Distance offset: -0.23 km N/S, 0.47 km E/W
[08:38:15.851] ================================================================================
[08:38:15.858] 
[08:38:15.859] --------------------------------------------------------------------------------
[08:38:15.859] TRANSMITTER MARKER POSITION
[08:38:15.859] --------------------------------------------------------------------------------
[08:38:15.860] TX coordinates: Lat=43.713500, Lon=-113.100000
[08:38:15.860] Marker drawn at pixel: (581.97, 515.19)
[08:38:15.860] Image center: (384, 384)
[08:38:15.861] Offset from center: (197.97, 131.19) pixels
[08:38:15.861] Image size: 768x768
[08:38:15.861] --------------------------------------------------------------------------------
[08:38:19.601] 
[08:38:19.602] ================================================================================
[08:38:19.602] MAP LOADED
[08:38:19.602] ================================================================================
[08:38:19.602] Requested center: Lat=43.715136, Lon=-113.102752
[08:38:19.604] Zoom level: 16
[08:38:19.604] Map tile (integer): X=12178, Y=23902
[08:38:19.604] Map tile center represents: Lat=43.715535, Lon=-113.104248
[08:38:19.604] Offset from requested: (-0.000398°, 0.001496°)
[08:38:19.604] Distance offset: -0.04 km N/S, 0.17 km E/W
[08:38:19.604] ================================================================================
[08:38:19.610] 
[08:38:19.611] --------------------------------------------------------------------------------
[08:38:19.611] TRANSMITTER MARKER POSITION
[08:38:19.611] --------------------------------------------------------------------------------
[08:38:19.611] TX coordinates: Lat=43.715136, Lon=-113.102752
[08:38:19.612] Marker drawn at pixel: (453.72, 409.69)
[08:38:19.612] Image center: (384, 384)
[08:38:19.612] Offset from center: (69.72, 25.69) pixels
[08:38:19.612] Image size: 768x768
[08:38:19.612] --------------------------------------------------------------------------------
[08:38:26.634] 
[08:38:26.634] ================================================================================
[08:38:26.635] MAP LOADED
[08:38:26.635] ================================================================================
[08:38:26.635] Requested center: Lat=43.715136, Lon=-113.102752
[08:38:26.635] Zoom level: 10
[08:38:26.635] Map tile (integer): X=190, Y=373
[08:38:26.636] Map tile center represents: Lat=43.834527, Lon=-113.203125
[08:38:26.636] Offset from requested: (-0.119391°, 0.100373°)
[08:38:26.636] Distance offset: -13.25 km N/S, 11.14 km E/W
[08:38:26.636] ================================================================================
[08:38:26.643] 
[08:38:26.644] --------------------------------------------------------------------------------
[08:38:26.644] TRANSMITTER MARKER POSITION
[08:38:26.644] --------------------------------------------------------------------------------
[08:38:26.644] TX coordinates: Lat=43.715136, Lon=-113.102752
[08:38:26.646] Marker drawn at pixel: (457.09, 504.40)
[08:38:26.646] Image center: (384, 384)
[08:38:26.646] Offset from center: (73.09, 120.40) pixels
[08:38:26.646] Image size: 768x768
[08:38:26.647] --------------------------------------------------------------------------------
[08:38:28.220] 
[08:38:28.220] ================================================================================
[08:38:28.222] MAP LOADED
[08:38:28.222] ================================================================================
[08:38:28.222] Requested center: Lat=43.715136, Lon=-113.102752
[08:38:28.223] Zoom level: 10
[08:38:28.223] Map tile (integer): X=190, Y=373
[08:38:28.223] Map tile center represents: Lat=43.834527, Lon=-113.203125
[08:38:28.223] Offset from requested: (-0.119391°, 0.100373°)
[08:38:28.224] Distance offset: -13.25 km N/S, 11.14 km E/W
[08:38:28.224] ================================================================================
[08:38:28.231] 
[08:38:28.231] --------------------------------------------------------------------------------
[08:38:28.231] TRANSMITTER MARKER POSITION
[08:38:28.232] --------------------------------------------------------------------------------
[08:38:28.232] TX coordinates: Lat=43.715136, Lon=-113.102752
[08:38:28.232] Marker drawn at pixel: (457.09, 504.40)
[08:38:28.232] Image center: (384, 384)
[08:38:28.232] Offset from center: (73.09, 120.40) pixels
[08:38:28.233] Image size: 768x768
[08:38:28.233] --------------------------------------------------------------------------------
[08:38:31.512] 
[08:38:31.512] ================================================================================
[08:38:31.513] MAP LOADED
[08:38:31.513] ================================================================================
[08:38:31.513] Requested center: Lat=43.715136, Lon=-113.102752
[08:38:31.513] Zoom level: 16
[08:38:31.514] Map tile (integer): X=12178, Y=23902
[08:38:31.514] Map tile center represents: Lat=43.715535, Lon=-113.104248
[08:38:31.514] Offset from requested: (-0.000398°, 0.001496°)
[08:38:31.514] Distance offset: -0.04 km N/S, 0.17 km E/W
[08:38:31.515] ================================================================================
[08:38:31.522] 
[08:38:31.522] --------------------------------------------------------------------------------
[08:38:31.522] TRANSMITTER MARKER POSITION
[08:38:31.523] --------------------------------------------------------------------------------
[08:38:31.523] TX coordinates: Lat=43.715136, Lon=-113.102752
[08:38:31.523] Marker drawn at pixel: (453.72, 409.69)
[08:38:31.524] Image center: (384, 384)
[08:38:31.524] Offset from center: (69.72, 25.69) pixels
[08:38:31.524] Image size: 768x768
[08:38:31.524] --------------------------------------------------------------------------------
