[09:04:18.518] ================================================================================
[09:04:18.518] VetRender Coordinate Debug Log
[09:04:18.518] Started: 2026-01-12 09:04:18.518964
[09:04:18.518] ================================================================================
[09:04:18.518] VetRender application started
[09:04:18.643] 
[09:04:18.643] ================================================================================
[09:04:18.643] MAP LOADED
[09:04:18.643] ================================================================================
[09:04:18.643] Requested center: Lat=43.466500, Lon=-112.034000
[09:04:18.643] Zoom level: 13
[09:04:18.643] Map tile (integer): X=1546, Y=2995
[09:04:18.643] Map tile center represents: Lat=43.484812, Lon=-112.060547
[09:04:18.643] Offset from requested: (-0.018312°, 0.026547°)
[09:04:18.643] Distance offset: -2.03 km N/S, 2.95 km E/W
[09:04:18.643] ================================================================================
[09:04:18.656] 
[09:04:18.658] --------------------------------------------------------------------------------
[09:04:18.658] TRANSMITTER MARKER POSITION
[09:04:18.658] --------------------------------------------------------------------------------
[09:04:18.658] TX coordinates: Lat=43.466500, Lon=-112.034000
[09:04:18.658] Marker drawn at pixel: (384.00, 384.00)
[09:04:18.658] Image center: (384, 384)
[09:04:18.658] Offset from center: (0.00, 0.00) pixels
[09:04:18.658] Image size: 768x768
[09:04:18.658] --------------------------------------------------------------------------------
