[09:55:34.989] ================================================================================
[09:55:34.989] VetRender Coordinate Debug Log
[09:55:34.989] Started: 2026-01-12 09:55:34.989455
[09:55:34.989] ================================================================================
[09:55:34.989] VetRender application started
[09:55:35.132] 
[09:55:35.132] ================================================================================
[09:55:35.132] MAP LOADED
[09:55:35.132] ================================================================================
[09:55:35.132] Requested center: Lat=43.713137, Lon=-113.100101
[09:55:35.132] Zoom level: 10
[09:55:35.132] Map tile (integer): X=190, Y=373
[09:55:35.132] Map tile center represents: Lat=43.707594, Lon=-113.027344
[09:55:35.132] Offset from requested: (0.005544°, -0.072757°)
[09:55:35.132] Distance offset: 0.62 km N/S, -8.08 km E/W
[09:55:35.132] ================================================================================
[09:55:35.142] 
[09:55:35.142] --------------------------------------------------------------------------------
[09:55:35.142] TRANSMITTER MARKER POSITION
[09:55:35.142] --------------------------------------------------------------------------------
[09:55:35.142] TX coordinates: Lat=43.713137, Lon=-113.100101
[09:55:35.142] Marker drawn at pixel: (331.02, 378.42)
[09:55:35.142] Image center: (384, 384)
[09:55:35.142] Offset from center: (-52.98, -5.58) pixels
[09:55:35.142] Image size: 768x768
[09:55:35.142] --------------------------------------------------------------------------------
[10:02:04.122] 
[10:02:04.123] ================================================================================
[10:02:04.123] MAP LOADED
[10:02:04.123] ================================================================================
[10:02:04.123] Requested center: Lat=43.713137, Lon=-113.100101
[10:02:04.125] Zoom level: 11
[10:02:04.125] Map tile (integer): X=380, Y=746
[10:02:04.125] Map tile center represents: Lat=43.771094, Lon=-113.115234
[10:02:04.126] Offset from requested: (-0.057957°, 0.015134°)
[10:02:04.126] Distance offset: -6.43 km N/S, 1.68 km E/W
[10:02:04.126] ================================================================================
[10:02:04.418] 
[10:02:04.418] ================================================================================
[10:02:04.418] MAP LOADED
[10:02:04.418] ================================================================================
[10:02:04.418] Requested center: Lat=43.713137, Lon=-113.100101
[10:02:04.418] Zoom level: 12
[10:02:04.418] Map tile (integer): X=761, Y=1493
[10:02:04.418] Map tile center represents: Lat=43.739352, Lon=-113.071289
[10:02:04.418] Offset from requested: (-0.026215°, -0.028812°)
[10:02:04.418] Distance offset: -2.91 km N/S, -3.20 km E/W
[10:02:04.418] ================================================================================
[10:02:06.222] 
[10:02:06.223] ================================================================================
[10:02:06.223] MAP LOADED
[10:02:06.223] ================================================================================
[10:02:06.224] Requested center: Lat=43.713137, Lon=-113.100101
[10:02:06.224] Zoom level: 11
[10:02:06.224] Map tile (integer): X=380, Y=746
[10:02:06.225] Map tile center represents: Lat=43.771094, Lon=-113.115234
[10:02:06.225] Offset from requested: (-0.057957°, 0.015134°)
[10:02:06.225] Distance offset: -6.43 km N/S, 1.68 km E/W
[10:02:06.225] ================================================================================
[10:02:06.500] 
[10:02:06.500] ================================================================================
[10:02:06.500] MAP LOADED
[10:02:06.500] ================================================================================
[10:02:06.500] Requested center: Lat=43.713137, Lon=-113.100101
[10:02:06.500] Zoom level: 10
[10:02:06.500] Map tile (integer): X=190, Y=373
[10:02:06.500] Map tile center represents: Lat=43.707594, Lon=-113.027344
[10:02:06.500] Offset from requested: (0.005544°, -0.072757°)
[10:02:06.500] Distance offset: 0.62 km N/S, -8.08 km E/W
[10:02:06.500] ================================================================================
[10:02:07.614] 
[10:02:07.614] ================================================================================
[10:02:07.614] MAP LOADED
[10:02:07.616] ================================================================================
[10:02:07.616] Requested center: Lat=43.713137, Lon=-113.100101
[10:02:07.616] Zoom level: 11
[10:02:07.617] Map tile (integer): X=380, Y=746
[10:02:07.617] Map tile center represents: Lat=43.771094, Lon=-113.115234
[10:02:07.617] Offset from requested: (-0.057957°, 0.015134°)
[10:02:07.617] Distance offset: -6.43 km N/S, 1.68 km E/W
[10:02:07.618] ================================================================================
[10:02:08.633] 
[10:02:08.634] ================================================================================
[10:02:08.634] MAP LOADED
[10:02:08.634] ================================================================================
[10:02:08.634] Requested center: Lat=43.713137, Lon=-113.100101
[10:02:08.635] Zoom level: 10
[10:02:08.635] Map tile (integer): X=190, Y=373
[10:02:08.635] Map tile center represents: Lat=43.707594, Lon=-113.027344
[10:02:08.635] Offset from requested: (0.005544°, -0.072757°)
[10:02:08.635] Distance offset: 0.62 km N/S, -8.08 km E/W
[10:02:08.636] ================================================================================
[10:02:26.076] 
[10:02:26.076] ################################################################################
[10:02:26.076] SIGNAL PROBE
[10:02:26.076] ################################################################################
[10:02:26.076] Click position: Pixel (608.3, 610.8)
[10:02:26.076] Probe coordinates: Lat=43.481992, Lon=-112.719353
[10:02:26.076] TX coordinates: Lat=43.713137, Lon=-113.100101
[10:02:26.076] Distance from TX: 96.47 km
[10:02:26.076] Azimuth from TX: 130.0°
[10:02:26.076] Coordinate difference: (-0.231146°, 0.380748°)
[10:02:26.076] ################################################################################
[10:02:33.183] 
[10:02:33.183] ################################################################################
[10:02:33.183] SIGNAL PROBE
[10:02:33.183] ################################################################################
[10:02:33.183] Click position: Pixel (587.0, 594.1)
[10:02:33.183] Probe coordinates: Lat=43.498626, Lon=-112.748606
[10:02:33.183] TX coordinates: Lat=43.713137, Lon=-113.100101
[10:02:33.183] Distance from TX: 89.26 km
[10:02:33.183] Azimuth from TX: 130.1°
[10:02:33.183] Coordinate difference: (-0.214512°, 0.351495°)
[10:02:33.183] ################################################################################
[10:03:20.452] 
[10:03:20.452] ################################################################################
[10:03:20.452] SIGNAL PROBE
[10:03:20.452] ################################################################################
[10:03:20.452] Click position: Pixel (428.1, 507.2)
[10:03:20.452] Probe coordinates: Lat=43.585163, Lon=-112.966817
[10:03:20.452] TX coordinates: Lat=43.713137, Lon=-113.100101
[10:03:20.452] Distance from TX: 43.00 km
[10:03:20.468] Azimuth from TX: 143.0°
[10:03:20.468] Coordinate difference: (-0.127974°, 0.133283°)
[10:03:20.468] ################################################################################
